
Gurobi 6.0.5 (win64) logging started 10/15/15 20:06:14


Gurobi 6.0.5 (win64) logging started 10/15/15 20:07:50


Gurobi 6.0.5 (win64) logging started 10/15/15 20:21:03


Gurobi 6.0.5 (win64) logging started 10/15/15 20:22:12


Gurobi 6.0.5 (win64) logging started 10/15/15 20:25:17


Gurobi 6.0.5 (win64) logging started 10/15/15 20:26:13


Gurobi 6.0.5 (win64) logging started 10/15/15 20:26:55


Gurobi 6.0.5 (win64) logging started 10/15/15 20:27:24


Gurobi 6.0.5 (win64) logging started 10/15/15 20:28:33


Gurobi 6.0.5 (win64) logging started 10/15/15 20:46:51

Optimize a model with 37 rows, 28 columns and 76 nonzeros
Coefficient statistics:
  Matrix range    [1e+00, 2e+00]
  Objective range [1e+00, 4e+00]
  Bounds range    [1e+00, 1e+00]
  RHS range       [1e+00, 1e+00]
Found heuristic solution: objective 3
Presolve removed 37 rows and 28 columns
Presolve time: 0.00s

Explored 0 nodes (0 simplex iterations) in 0.00 seconds
Thread count was 1 (of 4 available processors)

Optimal solution found (tolerance 1.00e-04)
Best objective 0.000000000000e+00, best bound 0.000000000000e+00, gap 0.0%

Gurobi 6.0.5 (win64) logging started 10/15/15 20:50:18

Optimize a model with 37 rows, 28 columns and 76 nonzeros
Coefficient statistics:
  Matrix range    [1e+00, 2e+00]
  Objective range [1e+00, 4e+00]
  Bounds range    [1e+00, 1e+00]
  RHS range       [1e+00, 1e+00]
Found heuristic solution: objective 11
Presolve removed 37 rows and 28 columns
Presolve time: 0.00s

Explored 0 nodes (0 simplex iterations) in 0.00 seconds
Thread count was 1 (of 4 available processors)

Optimal solution found (tolerance 1.00e-04)
Best objective 1.000000000000e+01, best bound 1.000000000000e+01, gap 0.0%

Gurobi 6.0.5 (win64) logging started 10/15/15 20:53:51

Optimize a model with 37 rows, 28 columns and 76 nonzeros
Coefficient statistics:
  Matrix range    [1e+00, 2e+00]
  Objective range [1e+00, 4e+00]
  Bounds range    [1e+00, 4e+00]
  RHS range       [1e+00, 1e+00]
Found heuristic solution: objective 11
Presolve removed 37 rows and 28 columns
Presolve time: 0.00s

Explored 0 nodes (0 simplex iterations) in 0.00 seconds
Thread count was 1 (of 4 available processors)

Optimal solution found (tolerance 1.00e-04)
Best objective 1.000000000000e+01, best bound 1.000000000000e+01, gap 0.0%

Gurobi 6.0.5 (win64) logging started 10/15/15 21:02:00


Gurobi 6.0.5 (win64) logging started 10/15/15 21:04:32

Optimize a model with 37 rows, 28 columns and 76 nonzeros
Coefficient statistics:
  Matrix range    [1e+00, 2e+00]
  Objective range [1e+00, 4e+00]
  Bounds range    [1e+00, 4e+00]
  RHS range       [1e+00, 1e+00]
Found heuristic solution: objective 11
Presolve removed 37 rows and 28 columns
Presolve time: 0.00s

Explored 0 nodes (0 simplex iterations) in 0.00 seconds
Thread count was 1 (of 4 available processors)

Optimal solution found (tolerance 1.00e-04)
Best objective 8.000000000000e+00, best bound 8.000000000000e+00, gap 0.0%

Gurobi 6.0.5 (win64) logging started 10/15/15 21:05:07


Gurobi 6.0.5 (win64) logging started 10/15/15 21:08:10

Optimize a model with 37 rows, 28 columns and 76 nonzeros
Coefficient statistics:
  Matrix range    [1e+00, 2e+00]
  Objective range [1e+00, 4e+00]
  Bounds range    [1e+00, 4e+00]
  RHS range       [1e+00, 1e+00]
Found heuristic solution: objective 11
Presolve removed 37 rows and 28 columns
Presolve time: 0.00s

Explored 0 nodes (0 simplex iterations) in 0.00 seconds
Thread count was 1 (of 4 available processors)

Optimal solution found (tolerance 1.00e-04)
Best objective 9.000000000000e+00, best bound 9.000000000000e+00, gap 0.0%

Gurobi 6.0.5 (win64) logging started 10/19/15 20:39:12


Gurobi 6.0.5 (win64) logging started 10/19/15 23:45:38


Gurobi 6.0.5 (win64) logging started 10/19/15 23:54:07


Gurobi 6.0.5 (win64) logging started 10/20/15 11:19:50


Gurobi 6.0.5 (win64) logging started 10/20/15 11:22:16


Gurobi 6.0.5 (win64) logging started 10/20/15 11:42:11

Optimize a model with 37 rows, 28 columns and 79 nonzeros
Coefficient statistics:
  Matrix range    [1e+00, 1e+00]
  Objective range [1e+00, 1e+00]
  Bounds range    [1e+00, 1e+00]
  RHS range       [1e+00, 1e+00]
Found heuristic solution: objective 0
Presolve removed 37 rows and 28 columns
Presolve time: 0.00s

Explored 0 nodes (0 simplex iterations) in 0.00 seconds
Thread count was 1 (of 4 available processors)

Optimal solution found (tolerance 1.00e-04)
Best objective 0.000000000000e+00, best bound 0.000000000000e+00, gap 0.0%

Gurobi 6.0.5 (win64) logging started 10/20/15 11:49:19


Gurobi 6.0.5 (win64) logging started 10/20/15 11:49:59


Gurobi 6.0.5 (win64) logging started 10/20/15 12:15:37


Gurobi 6.0.5 (win64) logging started 10/20/15 12:16:38


Gurobi 6.0.5 (win64) logging started 10/20/15 12:18:44


Gurobi 6.0.5 (win64) logging started 10/20/15 12:44:02


Gurobi 6.0.5 (win64) logging started 10/20/15 12:45:02


Gurobi 6.0.5 (win64) logging started 10/20/15 12:54:24

Optimize a model with 37 rows, 28 columns and 79 nonzeros
Coefficient statistics:
  Matrix range    [1e+00, 1e+00]
  Objective range [1e+00, 1e+00]
  Bounds range    [1e+00, 1e+00]
  RHS range       [1e+00, 1e+00]
Found heuristic solution: objective 10
Presolve removed 37 rows and 28 columns
Presolve time: 0.00s

Explored 0 nodes (0 simplex iterations) in 0.00 seconds
Thread count was 1 (of 4 available processors)

Optimal solution found (tolerance 1.00e-04)
Best objective 1.000000000000e+01, best bound 1.000000000000e+01, gap 0.0%

Gurobi 6.0.5 (win64) logging started 10/20/15 13:00:37


Gurobi 6.0.5 (win64) logging started 10/20/15 19:36:04


Gurobi 6.0.5 (win64) logging started 10/22/15 16:46:20

Optimize a model with 37 rows, 28 columns and 79 nonzeros
Coefficient statistics:
  Matrix range    [1e+00, 1e+00]
  Objective range [1e+00, 1e+00]
  Bounds range    [1e+00, 1e+00]
  RHS range       [1e+00, 1e+00]
Found heuristic solution: objective 10
Presolve removed 37 rows and 28 columns
Presolve time: 0.13s

Explored 0 nodes (0 simplex iterations) in 0.26 seconds
Thread count was 1 (of 4 available processors)

Optimal solution found (tolerance 1.00e-04)
Best objective 1.000000000000e+01, best bound 1.000000000000e+01, gap 0.0%

Gurobi 6.0.5 (win64) logging started 10/22/15 16:46:55


Gurobi 6.0.5 (win64) logging started 10/22/15 17:13:06


Gurobi 6.0.5 (win64) logging started 10/22/15 17:14:35


Gurobi 6.0.5 (win64) logging started 10/22/15 17:15:56


Gurobi 6.0.5 (win64) logging started 10/22/15 17:23:45


Gurobi 6.0.5 (win64) logging started 10/22/15 17:25:53

Optimize a model with 37 rows, 28 columns and 79 nonzeros
Coefficient statistics:
  Matrix range    [1e+00, 1e+00]
  Objective range [1e+00, 1e+00]
  Bounds range    [1e+00, 1e+00]
  RHS range       [1e+00, 1e+00]
Found heuristic solution: objective 10
Presolve removed 37 rows and 28 columns
Presolve time: 0.00s

Explored 0 nodes (0 simplex iterations) in 0.00 seconds
Thread count was 1 (of 4 available processors)

Optimal solution found (tolerance 1.00e-04)
Best objective 1.000000000000e+01, best bound 1.000000000000e+01, gap 0.0%

Gurobi 6.0.5 (win64) logging started 10/22/15 17:28:34

Optimize a model with 37 rows, 28 columns and 79 nonzeros
Coefficient statistics:
  Matrix range    [1e+00, 1e+00]
  Objective range [1e+00, 1e+00]
  Bounds range    [1e+00, 1e+00]
  RHS range       [1e+00, 1e+00]
Found heuristic solution: objective 10
Presolve removed 37 rows and 28 columns
Presolve time: 0.00s

Explored 0 nodes (0 simplex iterations) in 0.00 seconds
Thread count was 1 (of 4 available processors)

Optimal solution found (tolerance 1.00e-04)
Best objective 1.000000000000e+01, best bound 1.000000000000e+01, gap 0.0%

Gurobi 6.0.5 (win64) logging started 10/22/15 17:31:29


Gurobi 6.0.5 (win64) logging started 10/22/15 17:32:51

Optimize a model with 37 rows, 28 columns and 79 nonzeros
Coefficient statistics:
  Matrix range    [1e+00, 1e+00]
  Objective range [1e+00, 1e+00]
  Bounds range    [1e+00, 1e+00]
  RHS range       [1e+00, 1e+00]
Found heuristic solution: objective 10
Presolve removed 37 rows and 28 columns
Presolve time: 0.00s

Explored 0 nodes (0 simplex iterations) in 0.00 seconds
Thread count was 1 (of 4 available processors)

Optimal solution found (tolerance 1.00e-04)
Best objective 1.000000000000e+01, best bound 1.000000000000e+01, gap 0.0%

Gurobi 6.0.5 (win64) logging started 10/22/15 20:11:05


Gurobi 6.0.5 (win64) logging started 10/22/15 20:40:44


Gurobi 6.0.5 (win64) logging started 10/22/15 20:55:29


Gurobi 6.0.5 (win64) logging started 10/22/15 20:56:07


Gurobi 6.0.5 (win64) logging started 10/22/15 20:57:12

Optimize a model with 37 rows, 28 columns and 91 nonzeros
Coefficient statistics:
  Matrix range    [1e+00, 1e+00]
  Objective range [1e+00, 1e+00]
  Bounds range    [1e+00, 1e+00]
  RHS range       [1e+00, 1e+00]
Presolve removed 27 rows and 24 columns
Presolve time: 0.00s

Explored 0 nodes (0 simplex iterations) in 0.00 seconds
Thread count was 1 (of 4 available processors)

Model is infeasible
Best objective -, best bound -, gap -

Gurobi 6.0.5 (win64) logging started 10/22/15 21:04:33


Gurobi 6.0.5 (win64) logging started 10/22/15 21:07:22


Gurobi 6.0.5 (win64) logging started 10/22/15 21:10:46

Optimize a model with 37 rows, 28 columns and 91 nonzeros
Coefficient statistics:
  Matrix range    [1e+00, 1e+00]
  Objective range [1e+00, 1e+00]
  Bounds range    [1e+00, 1e+00]
  RHS range       [1e+00, 1e+00]
Presolve removed 27 rows and 24 columns
Presolve time: 0.00s

Explored 0 nodes (0 simplex iterations) in 0.00 seconds
Thread count was 1 (of 4 available processors)

Model is infeasible
Best objective -, best bound -, gap -

Gurobi 6.0.5 (win64) logging started 10/22/15 21:14:04

Optimize a model with 37 rows, 28 columns and 91 nonzeros
Coefficient statistics:
  Matrix range    [1e+00, 1e+00]
  Objective range [1e+00, 1e+00]
  Bounds range    [1e+00, 1e+00]
  RHS range       [1e+00, 1e+00]
Presolve removed 27 rows and 24 columns
Presolve time: 0.00s

Explored 0 nodes (0 simplex iterations) in 0.00 seconds
Thread count was 1 (of 4 available processors)

Model is infeasible
Best objective -, best bound -, gap -

Gurobi 6.0.5 (win64) logging started 10/22/15 21:14:24

Optimize a model with 37 rows, 28 columns and 91 nonzeros
Coefficient statistics:
  Matrix range    [1e+00, 1e+00]
  Objective range [1e+00, 1e+00]
  Bounds range    [1e+00, 1e+00]
  RHS range       [1e+00, 1e+00]
Presolve removed 27 rows and 24 columns
Presolve time: 0.00s

Explored 0 nodes (0 simplex iterations) in 0.00 seconds
Thread count was 1 (of 4 available processors)

Model is infeasible
Best objective -, best bound -, gap -

Gurobi 6.0.5 (win64) logging started 10/22/15 21:17:50

Optimize a model with 37 rows, 28 columns and 91 nonzeros
Coefficient statistics:
  Matrix range    [1e+00, 1e+00]
  Objective range [1e+00, 1e+00]
  Bounds range    [1e+00, 1e+00]
  RHS range       [1e+00, 1e+00]
Presolve removed 27 rows and 24 columns
Presolve time: 0.00s

Explored 0 nodes (0 simplex iterations) in 0.00 seconds
Thread count was 1 (of 4 available processors)

Model is infeasible
Best objective -, best bound -, gap -

Gurobi 6.0.5 (win64) logging started 10/22/15 21:24:27

Optimize a model with 37 rows, 28 columns and 79 nonzeros
Coefficient statistics:
  Matrix range    [1e+00, 1e+00]
  Objective range [1e+00, 1e+00]
  Bounds range    [1e+00, 1e+00]
  RHS range       [1e+00, 1e+00]
Found heuristic solution: objective 3
Presolve removed 37 rows and 28 columns
Presolve time: 0.00s

Explored 0 nodes (0 simplex iterations) in 0.00 seconds
Thread count was 1 (of 4 available processors)

Optimal solution found (tolerance 1.00e-04)
Best objective 3.000000000000e+00, best bound 3.000000000000e+00, gap 0.0%

Gurobi 6.0.5 (win64) logging started 10/22/15 21:28:05

Optimize a model with 37 rows, 28 columns and 79 nonzeros
Coefficient statistics:
  Matrix range    [1e+00, 1e+00]
  Objective range [1e+00, 1e+00]
  Bounds range    [1e+00, 1e+00]
  RHS range       [1e+00, 1e+00]
Found heuristic solution: objective 3
Presolve removed 37 rows and 28 columns
Presolve time: 0.00s

Explored 0 nodes (0 simplex iterations) in 0.00 seconds
Thread count was 1 (of 4 available processors)

Optimal solution found (tolerance 1.00e-04)
Best objective 3.000000000000e+00, best bound 3.000000000000e+00, gap 0.0%

Gurobi 6.0.5 (win64) logging started 10/22/15 21:30:00

Optimize a model with 37 rows, 28 columns and 79 nonzeros
Coefficient statistics:
  Matrix range    [1e+00, 1e+00]
  Objective range [1e+00, 4e+00]
  Bounds range    [1e+00, 1e+00]
  RHS range       [1e+00, 1e+00]
Found heuristic solution: objective 11
Presolve removed 37 rows and 28 columns
Presolve time: 0.00s

Explored 0 nodes (0 simplex iterations) in 0.00 seconds
Thread count was 1 (of 4 available processors)

Optimal solution found (tolerance 1.00e-04)
Best objective 1.100000000000e+01, best bound 1.100000000000e+01, gap 0.0%

Gurobi 6.0.5 (win64) logging started 10/22/15 21:30:11

Optimize a model with 37 rows, 28 columns and 79 nonzeros
Coefficient statistics:
  Matrix range    [1e+00, 1e+00]
  Objective range [1e+00, 4e+00]
  Bounds range    [1e+00, 1e+00]
  RHS range       [1e+00, 1e+00]
Found heuristic solution: objective 11
Presolve removed 37 rows and 28 columns
Presolve time: 0.00s

Explored 0 nodes (0 simplex iterations) in 0.00 seconds
Thread count was 1 (of 4 available processors)

Optimal solution found (tolerance 1.00e-04)
Best objective 1.100000000000e+01, best bound 1.100000000000e+01, gap 0.0%

Gurobi 6.0.5 (win64) logging started 10/22/15 21:31:10

Optimize a model with 37 rows, 28 columns and 79 nonzeros
Coefficient statistics:
  Matrix range    [1e+00, 2e+00]
  Objective range [1e+00, 4e+00]
  Bounds range    [1e+00, 1e+00]
  RHS range       [1e+00, 1e+00]
Found heuristic solution: objective 11
Presolve removed 37 rows and 28 columns
Presolve time: 0.00s

Explored 0 nodes (0 simplex iterations) in 0.00 seconds
Thread count was 1 (of 4 available processors)

Optimal solution found (tolerance 1.00e-04)
Best objective 1.100000000000e+01, best bound 1.100000000000e+01, gap 0.0%

Gurobi 6.0.5 (win64) logging started 10/22/15 21:31:28

Optimize a model with 37 rows, 28 columns and 79 nonzeros
Coefficient statistics:
  Matrix range    [1e+00, 2e+00]
  Objective range [1e+00, 4e+00]
  Bounds range    [1e+00, 1e+00]
  RHS range       [1e+00, 1e+00]
Found heuristic solution: objective 11
Presolve removed 37 rows and 28 columns
Presolve time: 0.00s

Explored 0 nodes (0 simplex iterations) in 0.00 seconds
Thread count was 1 (of 4 available processors)

Optimal solution found (tolerance 1.00e-04)
Best objective 1.100000000000e+01, best bound 1.100000000000e+01, gap 0.0%

Gurobi 6.0.5 (win64) logging started 10/22/15 21:32:24

Optimize a model with 37 rows, 28 columns and 79 nonzeros
Coefficient statistics:
  Matrix range    [1e+00, 2e+00]
  Objective range [1e+00, 4e+00]
  Bounds range    [1e+00, 1e+00]
  RHS range       [1e+00, 1e+00]
Found heuristic solution: objective 11
Presolve removed 37 rows and 28 columns
Presolve time: 0.00s

Explored 0 nodes (0 simplex iterations) in 0.00 seconds
Thread count was 1 (of 4 available processors)

Optimal solution found (tolerance 1.00e-04)
Best objective 1.100000000000e+01, best bound 1.100000000000e+01, gap 0.0%

Gurobi 6.0.5 (win64) logging started 10/22/15 21:35:10

Optimize a model with 37 rows, 28 columns and 76 nonzeros
Coefficient statistics:
  Matrix range    [1e+00, 2e+00]
  Objective range [1e+00, 4e+00]
  Bounds range    [1e+00, 4e+00]
  RHS range       [1e+00, 1e+00]
Found heuristic solution: objective 11
Presolve removed 37 rows and 28 columns
Presolve time: 0.03s

Explored 0 nodes (0 simplex iterations) in 0.03 seconds
Thread count was 1 (of 4 available processors)

Optimal solution found (tolerance 1.00e-04)
Best objective 9.000000000000e+00, best bound 9.000000000000e+00, gap 0.0%

Gurobi 6.0.5 (win64) logging started 10/22/15 21:36:26

Optimize a model with 37 rows, 28 columns and 79 nonzeros
Coefficient statistics:
  Matrix range    [1e+00, 2e+00]
  Objective range [1e+00, 4e+00]
  Bounds range    [1e+00, 1e+00]
  RHS range       [1e+00, 1e+00]
Found heuristic solution: objective 11
Presolve removed 37 rows and 28 columns
Presolve time: 0.00s

Explored 0 nodes (0 simplex iterations) in 0.00 seconds
Thread count was 1 (of 4 available processors)

Optimal solution found (tolerance 1.00e-04)
Best objective 1.100000000000e+01, best bound 1.100000000000e+01, gap 0.0%

Gurobi 6.0.5 (win64) logging started 10/22/15 22:04:42

Optimize a model with 37 rows, 28 columns and 79 nonzeros
Coefficient statistics:
  Matrix range    [1e+00, 2e+00]
  Objective range [1e+00, 4e+00]
  Bounds range    [1e+00, 1e+00]
  RHS range       [1e+00, 1e+00]
Found heuristic solution: objective 11
Presolve removed 37 rows and 28 columns
Presolve time: 0.00s

Explored 0 nodes (0 simplex iterations) in 0.00 seconds
Thread count was 1 (of 4 available processors)

Optimal solution found (tolerance 1.00e-04)
Best objective 1.100000000000e+01, best bound 1.100000000000e+01, gap 0.0%

Gurobi 6.0.5 (win64) logging started 10/22/15 22:27:27

Optimize a model with 37 rows, 28 columns and 79 nonzeros
Coefficient statistics:
  Matrix range    [1e+00, 2e+00]
  Objective range [1e+00, 4e+00]
  Bounds range    [1e+00, 1e+00]
  RHS range       [1e+00, 1e+00]
Found heuristic solution: objective 11
Presolve removed 37 rows and 28 columns
Presolve time: 0.00s

Explored 0 nodes (0 simplex iterations) in 0.00 seconds
Thread count was 1 (of 4 available processors)

Optimal solution found (tolerance 1.00e-04)
Best objective 1.100000000000e+01, best bound 1.100000000000e+01, gap 0.0%

Gurobi 6.0.5 (win64) logging started 10/22/15 22:34:54


Gurobi 6.0.5 (win64) logging started 10/22/15 22:36:43


Gurobi 6.0.5 (win64) logging started 10/22/15 22:38:26


Gurobi 6.0.5 (win64) logging started 10/22/15 22:43:24

Optimize a model with 37 rows, 28 columns and 79 nonzeros
Coefficient statistics:
  Matrix range    [1e+00, 2e+00]
  Objective range [1e+00, 4e+00]
  Bounds range    [1e+00, 1e+00]
  RHS range       [1e+00, 1e+00]
Found heuristic solution: objective 11
Presolve removed 37 rows and 28 columns
Presolve time: 0.00s

Explored 0 nodes (0 simplex iterations) in 0.00 seconds
Thread count was 1 (of 4 available processors)

Optimal solution found (tolerance 1.00e-04)
Best objective 1.100000000000e+01, best bound 1.100000000000e+01, gap 0.0%

Gurobi 6.0.5 (win64) logging started 10/22/15 22:55:46

Optimize a model with 37 rows, 28 columns and 79 nonzeros
Coefficient statistics:
  Matrix range    [1e+00, 2e+00]
  Objective range [1e+00, 4e+00]
  Bounds range    [1e+00, 1e+00]
  RHS range       [1e+00, 1e+00]
Found heuristic solution: objective 11
Presolve removed 37 rows and 28 columns
Presolve time: 0.00s

Explored 0 nodes (0 simplex iterations) in 0.00 seconds
Thread count was 1 (of 4 available processors)

Optimal solution found (tolerance 1.00e-04)
Best objective 1.100000000000e+01, best bound 1.100000000000e+01, gap 0.0%

Gurobi 6.0.5 (win64) logging started 10/22/15 22:59:08

Optimize a model with 37 rows, 28 columns and 79 nonzeros
Coefficient statistics:
  Matrix range    [1e+00, 2e+00]
  Objective range [1e+00, 4e+00]
  Bounds range    [1e+00, 1e+00]
  RHS range       [1e+00, 1e+00]
Found heuristic solution: objective 11
Presolve removed 37 rows and 28 columns
Presolve time: 0.00s

Explored 0 nodes (0 simplex iterations) in 0.00 seconds
Thread count was 1 (of 4 available processors)

Optimal solution found (tolerance 1.00e-04)
Best objective 1.100000000000e+01, best bound 1.100000000000e+01, gap 0.0%

Gurobi 6.0.5 (win64) logging started 10/22/15 23:00:57

Optimize a model with 37 rows, 28 columns and 79 nonzeros
Coefficient statistics:
  Matrix range    [1e+00, 2e+00]
  Objective range [1e+00, 4e+00]
  Bounds range    [1e+00, 1e+00]
  RHS range       [1e+00, 1e+00]
Found heuristic solution: objective 11
Presolve removed 37 rows and 28 columns
Presolve time: 0.00s

Explored 0 nodes (0 simplex iterations) in 0.00 seconds
Thread count was 1 (of 4 available processors)

Optimal solution found (tolerance 1.00e-04)
Best objective 1.100000000000e+01, best bound 1.100000000000e+01, gap 0.0%

Gurobi 6.0.5 (win64) logging started 10/22/15 23:02:50

Optimize a model with 37 rows, 28 columns and 79 nonzeros
Coefficient statistics:
  Matrix range    [1e+00, 2e+00]
  Objective range [1e+00, 4e+00]
  Bounds range    [1e+00, 1e+00]
  RHS range       [1e+00, 1e+00]
Found heuristic solution: objective 11
Presolve removed 37 rows and 28 columns
Presolve time: 0.00s

Explored 0 nodes (0 simplex iterations) in 0.00 seconds
Thread count was 1 (of 4 available processors)

Optimal solution found (tolerance 1.00e-04)
Best objective 1.100000000000e+01, best bound 1.100000000000e+01, gap 0.0%

Gurobi 6.0.5 (win64) logging started 10/22/15 23:04:31

Optimize a model with 37 rows, 28 columns and 79 nonzeros
Coefficient statistics:
  Matrix range    [1e+00, 2e+00]
  Objective range [1e+00, 4e+00]
  Bounds range    [1e+00, 1e+00]
  RHS range       [1e+00, 1e+00]
Found heuristic solution: objective 11
Presolve removed 37 rows and 28 columns
Presolve time: 0.00s

Explored 0 nodes (0 simplex iterations) in 0.00 seconds
Thread count was 1 (of 4 available processors)

Optimal solution found (tolerance 1.00e-04)
Best objective 1.100000000000e+01, best bound 1.100000000000e+01, gap 0.0%

Gurobi 6.0.5 (win64) logging started 10/22/15 23:05:09

Optimize a model with 37 rows, 28 columns and 79 nonzeros
Coefficient statistics:
  Matrix range    [1e+00, 2e+00]
  Objective range [1e+00, 4e+00]
  Bounds range    [1e+00, 1e+00]
  RHS range       [1e+00, 1e+00]
Found heuristic solution: objective 11
Presolve removed 37 rows and 28 columns
Presolve time: 0.00s

Explored 0 nodes (0 simplex iterations) in 0.00 seconds
Thread count was 1 (of 4 available processors)

Optimal solution found (tolerance 1.00e-04)
Best objective 1.100000000000e+01, best bound 1.100000000000e+01, gap 0.0%

Gurobi 6.0.5 (win64) logging started 10/22/15 23:05:42

Optimize a model with 37 rows, 28 columns and 79 nonzeros
Coefficient statistics:
  Matrix range    [1e+00, 2e+00]
  Objective range [1e+00, 4e+00]
  Bounds range    [1e+00, 1e+00]
  RHS range       [1e+00, 1e+00]
Found heuristic solution: objective 11
Presolve removed 37 rows and 28 columns
Presolve time: 0.00s

Explored 0 nodes (0 simplex iterations) in 0.00 seconds
Thread count was 1 (of 4 available processors)

Optimal solution found (tolerance 1.00e-04)
Best objective 1.100000000000e+01, best bound 1.100000000000e+01, gap 0.0%

Gurobi 6.0.5 (win64) logging started 10/22/15 23:10:44

Optimize a model with 37 rows, 28 columns and 64 nonzeros
Coefficient statistics:
  Matrix range    [1e+00, 2e+00]
  Objective range [1e+00, 4e+00]
  Bounds range    [1e+00, 1e+00]
  RHS range       [1e+00, 1e+00]
Found heuristic solution: objective 0
Presolve removed 37 rows and 28 columns
Presolve time: 0.00s

Explored 0 nodes (0 simplex iterations) in 0.00 seconds
Thread count was 1 (of 4 available processors)

Optimal solution found (tolerance 1.00e-04)
Best objective 0.000000000000e+00, best bound 0.000000000000e+00, gap 0.0%

Gurobi 6.0.5 (win64) logging started 10/22/15 23:14:02

Optimize a model with 37 rows, 28 columns and 64 nonzeros
Coefficient statistics:
  Matrix range    [1e+00, 2e+00]
  Objective range [1e+00, 4e+00]
  Bounds range    [1e+00, 1e+00]
  RHS range       [1e+00, 1e+00]
Found heuristic solution: objective 0
Presolve removed 37 rows and 28 columns
Presolve time: 0.00s

Explored 0 nodes (0 simplex iterations) in 0.00 seconds
Thread count was 1 (of 4 available processors)

Optimal solution found (tolerance 1.00e-04)
Best objective 0.000000000000e+00, best bound 0.000000000000e+00, gap 0.0%

Gurobi 6.0.5 (win64) logging started 10/22/15 23:15:48


Gurobi 6.0.5 (win64) logging started 10/22/15 23:20:39

Optimize a model with 37 rows, 28 columns and 73 nonzeros
Coefficient statistics:
  Matrix range    [1e+00, 2e+00]
  Objective range [1e+00, 4e+00]
  Bounds range    [1e+00, 1e+00]
  RHS range       [1e+00, 1e+00]
Found heuristic solution: objective 11
Presolve removed 37 rows and 28 columns
Presolve time: 0.00s

Explored 0 nodes (0 simplex iterations) in 0.00 seconds
Thread count was 1 (of 4 available processors)

Optimal solution found (tolerance 1.00e-04)
Best objective 1.100000000000e+01, best bound 1.100000000000e+01, gap 0.0%

Gurobi 6.0.5 (win64) logging started 10/22/15 23:26:47

Optimize a model with 37 rows, 28 columns and 73 nonzeros
Coefficient statistics:
  Matrix range    [1e+00, 2e+00]
  Objective range [1e+00, 4e+00]
  Bounds range    [1e+00, 1e+00]
  RHS range       [1e+00, 1e+00]
Presolve removed 0 rows and 12 columns
Presolve time: 0.00s

Explored 0 nodes (0 simplex iterations) in 0.00 seconds
Thread count was 1 (of 4 available processors)

Model is infeasible
Best objective -, best bound -, gap -

Gurobi 6.0.5 (win64) logging started 10/22/15 23:27:29

Optimize a model with 27 rows, 28 columns and 51 nonzeros
Coefficient statistics:
  Matrix range    [1e+00, 1e+00]
  Objective range [1e+00, 4e+00]
  Bounds range    [1e+00, 1e+00]
  RHS range       [1e+00, 1e+00]
Presolve removed 0 rows and 12 columns
Presolve time: 0.00s

Explored 0 nodes (0 simplex iterations) in 0.00 seconds
Thread count was 1 (of 4 available processors)

Model is infeasible
Best objective -, best bound -, gap -

Gurobi 6.0.5 (win64) logging started 10/22/15 23:27:46

Optimize a model with 25 rows, 28 columns and 49 nonzeros
Coefficient statistics:
  Matrix range    [1e+00, 2e+00]
  Objective range [1e+00, 4e+00]
  Bounds range    [1e+00, 1e+00]
  RHS range       [1e+00, 1e+00]
Presolve removed 0 rows and 12 columns
Presolve time: 0.00s

Explored 0 nodes (0 simplex iterations) in 0.00 seconds
Thread count was 1 (of 4 available processors)

Model is infeasible
Best objective -, best bound -, gap -

Gurobi 6.0.5 (win64) logging started 10/22/15 23:28:04

Optimize a model with 25 rows, 28 columns and 49 nonzeros
Coefficient statistics:
  Matrix range    [1e+00, 2e+00]
  Objective range [1e+00, 4e+00]
  Bounds range    [1e+00, 1e+00]
  RHS range       [1e+00, 1e+00]
Presolve removed 0 rows and 24 columns
Presolve time: 0.00s

Explored 0 nodes (0 simplex iterations) in 0.00 seconds
Thread count was 1 (of 4 available processors)

Model is infeasible
Best objective -, best bound -, gap -

Gurobi 6.0.5 (win64) logging started 10/22/15 23:28:21

Optimize a model with 34 rows, 28 columns and 70 nonzeros
Coefficient statistics:
  Matrix range    [1e+00, 2e+00]
  Objective range [1e+00, 4e+00]
  Bounds range    [1e+00, 1e+00]
  RHS range       [0e+00, 0e+00]
Found heuristic solution: objective 9
Presolve removed 34 rows and 28 columns
Presolve time: 0.00s

Explored 0 nodes (0 simplex iterations) in 0.00 seconds
Thread count was 1 (of 4 available processors)

Optimal solution found (tolerance 1.00e-04)
Best objective 9.000000000000e+00, best bound 9.000000000000e+00, gap 0.0%

Gurobi 6.0.5 (win64) logging started 10/22/15 23:29:05

Optimize a model with 37 rows, 28 columns and 73 nonzeros
Coefficient statistics:
  Matrix range    [1e+00, 2e+00]
  Objective range [1e+00, 4e+00]
  Bounds range    [1e+00, 1e+00]
  RHS range       [1e+00, 1e+00]
Presolve removed 0 rows and 12 columns
Presolve time: 0.00s

Explored 0 nodes (0 simplex iterations) in 0.00 seconds
Thread count was 1 (of 4 available processors)

Model is infeasible
Best objective -, best bound -, gap -

Gurobi 6.0.5 (win64) logging started 10/22/15 23:32:19

Optimize a model with 37 rows, 28 columns and 73 nonzeros
Coefficient statistics:
  Matrix range    [1e+00, 2e+00]
  Objective range [1e+00, 4e+00]
  Bounds range    [1e+00, 1e+00]
  RHS range       [1e+00, 1e+00]
Presolve removed 0 rows and 12 columns
Presolve time: 0.00s

Explored 0 nodes (0 simplex iterations) in 0.00 seconds
Thread count was 1 (of 4 available processors)

Model is infeasible
Best objective -, best bound -, gap -

Gurobi 6.0.5 (win64) logging started 10/22/15 23:32:32

Optimize a model with 37 rows, 28 columns and 73 nonzeros
Coefficient statistics:
  Matrix range    [1e+00, 2e+00]
  Objective range [1e+00, 4e+00]
  Bounds range    [1e+00, 1e+00]
  RHS range       [0e+00, 0e+00]
Found heuristic solution: objective 9
Presolve removed 37 rows and 28 columns
Presolve time: 0.00s

Explored 0 nodes (0 simplex iterations) in 0.00 seconds
Thread count was 1 (of 4 available processors)

Optimal solution found (tolerance 1.00e-04)
Best objective 9.000000000000e+00, best bound 9.000000000000e+00, gap 0.0%

Gurobi 6.0.5 (win64) logging started 10/22/15 23:33:25

Optimize a model with 37 rows, 28 columns and 73 nonzeros
Coefficient statistics:
  Matrix range    [1e+00, 2e+00]
  Objective range [1e+00, 4e+00]
  Bounds range    [1e+00, 1e+00]
  RHS range       [5e-01, 5e-01]
Presolve removed 0 rows and 12 columns
Presolve time: 0.00s

Explored 0 nodes (0 simplex iterations) in 0.00 seconds
Thread count was 1 (of 4 available processors)

Model is infeasible
Best objective -, best bound -, gap -

Gurobi 6.0.5 (win64) logging started 10/22/15 23:34:16

Optimize a model with 37 rows, 28 columns and 73 nonzeros
Coefficient statistics:
  Matrix range    [1e+00, 2e+00]
  Objective range [1e+00, 4e+00]
  Bounds range    [1e+00, 1e+00]
  RHS range       [1e+00, 1e+00]
Presolve removed 0 rows and 12 columns
Presolve time: 0.00s

Explored 0 nodes (0 simplex iterations) in 0.00 seconds
Thread count was 1 (of 4 available processors)

Model is infeasible
Best objective -, best bound -, gap -

Gurobi 6.0.5 (win64) logging started 10/22/15 23:35:23

Optimize a model with 34 rows, 28 columns and 70 nonzeros
Coefficient statistics:
  Matrix range    [1e+00, 2e+00]
  Objective range [1e+00, 4e+00]
  Bounds range    [1e+00, 1e+00]
  RHS range       [0e+00, 0e+00]
Found heuristic solution: objective 9
Presolve removed 34 rows and 28 columns
Presolve time: 0.00s

Explored 0 nodes (0 simplex iterations) in 0.00 seconds
Thread count was 1 (of 4 available processors)

Optimal solution found (tolerance 1.00e-04)
Best objective 9.000000000000e+00, best bound 9.000000000000e+00, gap 0.0%

Gurobi 6.0.5 (win64) logging started 10/22/15 23:35:42

Optimize a model with 34 rows, 28 columns and 70 nonzeros
Coefficient statistics:
  Matrix range    [1e+00, 2e+00]
  Objective range [1e+00, 4e+00]
  Bounds range    [1e+00, 1e+00]
  RHS range       [0e+00, 0e+00]
Found heuristic solution: objective 9
Presolve removed 34 rows and 28 columns
Presolve time: 0.00s

Explored 0 nodes (0 simplex iterations) in 0.00 seconds
Thread count was 1 (of 4 available processors)

Optimal solution found (tolerance 1.00e-04)
Best objective 9.000000000000e+00, best bound 9.000000000000e+00, gap 0.0%

Gurobi 6.0.5 (win64) logging started 10/22/15 23:41:42


Gurobi 6.0.5 (win64) logging started 10/22/15 23:44:14

Optimize a model with 37 rows, 28 columns and 76 nonzeros
Coefficient statistics:
  Matrix range    [1e+00, 2e+00]
  Objective range [1e+00, 4e+00]
  Bounds range    [1e+00, 1e+00]
  RHS range       [1e+00, 1e+00]
Found heuristic solution: objective 9
Presolve removed 37 rows and 28 columns
Presolve time: 0.00s

Explored 0 nodes (0 simplex iterations) in 0.00 seconds
Thread count was 1 (of 4 available processors)

Optimal solution found (tolerance 1.00e-04)
Best objective 9.000000000000e+00, best bound 9.000000000000e+00, gap 0.0%

Gurobi 6.0.5 (win64) logging started 10/22/15 23:44:42

Optimize a model with 37 rows, 28 columns and 76 nonzeros
Coefficient statistics:
  Matrix range    [1e+00, 2e+00]
  Objective range [1e+00, 4e+00]
  Bounds range    [1e+00, 1e+00]
  RHS range       [1e+00, 1e+00]
Found heuristic solution: objective 11
Presolve removed 37 rows and 28 columns
Presolve time: 0.00s

Explored 0 nodes (0 simplex iterations) in 0.00 seconds
Thread count was 1 (of 4 available processors)

Optimal solution found (tolerance 1.00e-04)
Best objective 9.000000000000e+00, best bound 9.000000000000e+00, gap 0.0%

Gurobi 6.0.5 (win64) logging started 11/02/15 19:33:46


Gurobi 6.0.5 (win64) logging started 11/02/15 19:37:55


Gurobi 6.0.5 (win64) logging started 11/02/15 19:38:25


Gurobi 6.0.5 (win64) logging started 11/02/15 19:38:33


Gurobi 6.0.5 (win64) logging started 11/02/15 19:47:52


Gurobi 6.0.5 (win64) logging started 11/02/15 19:48:52


Gurobi 6.0.5 (win64) logging started 11/02/15 19:49:41


Gurobi 6.0.5 (win64) logging started 11/02/15 19:52:53


Gurobi 6.0.5 (win64) logging started 11/02/15 20:25:05


Gurobi 6.0.5 (win64) logging started 11/02/15 20:25:21


Gurobi 6.0.5 (win64) logging started 11/02/15 20:26:15


Gurobi 6.0.5 (win64) logging started 11/02/15 20:46:33


Gurobi 6.0.5 (win64) logging started 11/02/15 20:47:09


Gurobi 6.0.5 (win64) logging started 11/02/15 20:47:55


Gurobi 6.0.5 (win64) logging started 11/02/15 21:20:45


Gurobi 6.0.5 (win64) logging started 11/02/15 21:26:59


Gurobi 6.0.5 (win64) logging started 11/02/15 21:27:30


Gurobi 6.0.5 (win64) logging started 11/02/15 21:30:26


Gurobi 6.0.5 (win64) logging started 11/02/15 21:30:33


Gurobi 6.0.5 (win64) logging started 11/02/15 21:33:31


Gurobi 6.0.5 (win64) logging started 11/02/15 21:34:51


Gurobi 6.0.5 (win64) logging started 11/02/15 21:35:28


Gurobi 6.0.5 (win64) logging started 11/02/15 21:38:32


Gurobi 6.0.5 (win64) logging started 11/02/15 21:39:15


Gurobi 6.0.5 (win64) logging started 11/02/15 21:40:21


Gurobi 6.0.5 (win64) logging started 11/02/15 21:41:31


Gurobi 6.0.5 (win64) logging started 11/02/15 21:46:37


Gurobi 6.0.5 (win64) logging started 11/02/15 21:48:08


Gurobi 6.0.5 (win64) logging started 11/02/15 21:51:35


Gurobi 6.0.5 (win64) logging started 11/02/15 21:51:51


Gurobi 6.0.5 (win64) logging started 11/02/15 21:51:55


Gurobi 6.0.5 (win64) logging started 11/02/15 21:54:51


Gurobi 6.0.5 (win64) logging started 11/02/15 22:01:22


Gurobi 6.0.5 (win64) logging started 11/02/15 22:02:10


Gurobi 6.0.5 (win64) logging started 11/02/15 22:03:22


Gurobi 6.0.5 (win64) logging started 11/02/15 22:05:53


Gurobi 6.0.5 (win64) logging started 11/02/15 22:29:44


Gurobi 6.0.5 (win64) logging started 11/02/15 23:05:08


Gurobi 6.0.5 (win64) logging started 11/02/15 23:07:08


Gurobi 6.0.5 (win64) logging started 11/02/15 23:14:31


Gurobi 6.0.5 (win64) logging started 11/02/15 23:17:50


Gurobi 6.0.5 (win64) logging started 11/02/15 23:18:48


Gurobi 6.0.5 (win64) logging started 11/02/15 23:19:16


Gurobi 6.0.5 (win64) logging started 11/02/15 23:20:26


Gurobi 6.0.5 (win64) logging started 11/02/15 23:20:49


Gurobi 6.0.5 (win64) logging started 11/02/15 23:21:14


Gurobi 6.0.5 (win64) logging started 11/02/15 23:25:55


Gurobi 6.0.5 (win64) logging started 11/02/15 23:27:06


Gurobi 6.0.5 (win64) logging started 11/02/15 23:28:18


Gurobi 6.0.5 (win64) logging started 11/02/15 23:29:49


Gurobi 6.0.5 (win64) logging started 11/02/15 23:33:51


Gurobi 6.0.5 (win64) logging started 11/02/15 23:36:28


Gurobi 6.0.5 (win64) logging started 11/02/15 23:36:52


Gurobi 6.0.5 (win64) logging started 11/02/15 23:37:32


Gurobi 6.0.5 (win64) logging started 11/02/15 23:39:01


Gurobi 6.0.5 (win64) logging started 11/02/15 23:40:51


Gurobi 6.0.5 (win64) logging started 11/02/15 23:41:37


Gurobi 6.0.5 (win64) logging started 11/02/15 23:43:29


Gurobi 6.0.5 (win64) logging started 11/02/15 23:43:58


Gurobi 6.0.5 (win64) logging started 11/02/15 23:45:06


Gurobi 6.0.5 (win64) logging started 11/02/15 23:53:06


Gurobi 6.0.5 (win64) logging started 11/02/15 23:54:59


Gurobi 6.0.5 (win64) logging started 11/02/15 23:58:00


Gurobi 6.0.5 (win64) logging started 11/02/15 23:58:46


Gurobi 6.0.5 (win64) logging started 11/02/15 23:59:27


Gurobi 6.0.5 (win64) logging started 11/03/15 21:40:42


Gurobi 6.0.5 (win64) logging started 11/03/15 21:42:17


Gurobi 6.0.5 (win64) logging started 11/03/15 21:46:42

Optimize a model with 22017 rows, 20168 columns and 32714 nonzeros
Coefficient statistics:
  Matrix range    [1e+00, 7e+03]
  Objective range [5e-03, 1e+06]
  Bounds range    [1e+00, 1e+00]
  RHS range       [1e+00, 1e+00]
Presolve removed 0 rows and 10391 columns
Presolve time: 0.02s

Explored 0 nodes (0 simplex iterations) in 0.11 seconds
Thread count was 1 (of 4 available processors)

Model is infeasible
Best objective -, best bound -, gap -

Gurobi 6.0.5 (win64) logging started 11/05/15 18:13:22

Optimize a model with 97 rows, 76 columns and 148 nonzeros
Coefficient statistics:
  Matrix range    [1e+00, 9e+00]
  Objective range [8e-01, 1e+01]
  Bounds range    [1e+00, 1e+00]
  RHS range       [1e+00, 1e+00]
Found heuristic solution: objective 0
Presolve removed 97 rows and 76 columns
Presolve time: 0.06s

Explored 0 nodes (0 simplex iterations) in 0.09 seconds
Thread count was 1 (of 4 available processors)

Optimal solution found (tolerance 1.00e-04)
Best objective 0.000000000000e+00, best bound 0.000000000000e+00, gap 0.0%

Gurobi 6.0.5 (win64) logging started 11/06/15 10:40:28

Optimize a model with 97 rows, 76 columns and 148 nonzeros
Coefficient statistics:
  Matrix range    [1e+00, 9e+00]
  Objective range [8e-01, 1e+01]
  Bounds range    [1e+00, 1e+00]
  RHS range       [1e+00, 1e+00]
Found heuristic solution: objective 0
Presolve removed 97 rows and 76 columns
Presolve time: 0.00s

Explored 0 nodes (0 simplex iterations) in 0.00 seconds
Thread count was 1 (of 4 available processors)

Optimal solution found (tolerance 1.00e-04)
Best objective 0.000000000000e+00, best bound 0.000000000000e+00, gap 0.0%

Gurobi 6.0.5 (win64) logging started 11/06/15 11:43:13


Gurobi 6.0.5 (win64) logging started 11/06/15 11:44:15


Gurobi 6.0.5 (win64) logging started 11/06/15 11:44:30


Gurobi 6.0.5 (win64) logging started 11/06/15 11:45:12


Gurobi 6.0.5 (win64) logging started 11/06/15 13:50:20

Optimize a model with 97 rows, 76 columns and 148 nonzeros
Coefficient statistics:
  Matrix range    [1e+00, 9e+00]
  Objective range [8e-01, 1e+01]
  Bounds range    [1e+00, 1e+00]
  RHS range       [1e+00, 1e+00]
Found heuristic solution: objective 0
Presolve removed 97 rows and 76 columns
Presolve time: 0.00s

Explored 0 nodes (0 simplex iterations) in 0.00 seconds
Thread count was 1 (of 4 available processors)

Optimal solution found (tolerance 1.00e-04)
Best objective 0.000000000000e+00, best bound 0.000000000000e+00, gap 0.0%

Gurobi 6.0.5 (win64) logging started 11/06/15 14:36:11

Optimize a model with 97 rows, 76 columns and 148 nonzeros
Coefficient statistics:
  Matrix range    [1e+00, 9e+00]
  Objective range [8e-01, 1e+01]
  Bounds range    [1e+00, 1e+00]
  RHS range       [1e+00, 1e+00]
Found heuristic solution: objective 0
Presolve removed 97 rows and 76 columns
Presolve time: 0.00s

Explored 0 nodes (0 simplex iterations) in 0.00 seconds
Thread count was 1 (of 4 available processors)

Optimal solution found (tolerance 1.00e-04)
Best objective 0.000000000000e+00, best bound 0.000000000000e+00, gap 0.0%

Gurobi 6.0.5 (win64) logging started 11/06/15 14:37:17

Optimize a model with 97 rows, 76 columns and 148 nonzeros
Coefficient statistics:
  Matrix range    [1e+00, 1e+01]
  Objective range [8e-01, 1e+01]
  Bounds range    [1e+00, 1e+00]
  RHS range       [1e+00, 1e+00]
Found heuristic solution: objective 0
Presolve removed 97 rows and 76 columns
Presolve time: 0.00s

Explored 0 nodes (0 simplex iterations) in 0.00 seconds
Thread count was 1 (of 4 available processors)

Optimal solution found (tolerance 1.00e-04)
Best objective 0.000000000000e+00, best bound 0.000000000000e+00, gap 0.0%

Gurobi 6.0.5 (win64) logging started 11/06/15 14:43:53

Optimize a model with 97 rows, 76 columns and 148 nonzeros
Coefficient statistics:
  Matrix range    [1e+00, 1e+01]
  Objective range [8e-01, 1e+01]
  Bounds range    [1e+00, 1e+00]
  RHS range       [1e+00, 1e+00]
Found heuristic solution: objective 0
Presolve removed 97 rows and 76 columns
Presolve time: 0.00s

Explored 0 nodes (0 simplex iterations) in 0.00 seconds
Thread count was 1 (of 4 available processors)

Optimal solution found (tolerance 1.00e-04)
Best objective 0.000000000000e+00, best bound 0.000000000000e+00, gap 0.0%

Gurobi 6.0.5 (win64) logging started 11/07/15 12:38:18

Optimize a model with 97 rows, 76 columns and 148 nonzeros
Coefficient statistics:
  Matrix range    [1e+00, 1e+01]
  Objective range [8e-01, 1e+01]
  Bounds range    [1e+00, 1e+00]
  RHS range       [1e+00, 1e+00]
Found heuristic solution: objective 0
Presolve removed 97 rows and 76 columns
Presolve time: 0.00s

Explored 0 nodes (0 simplex iterations) in 0.00 seconds
Thread count was 1 (of 4 available processors)

Optimal solution found (tolerance 1.00e-04)
Best objective 0.000000000000e+00, best bound 0.000000000000e+00, gap 0.0%

Gurobi 6.0.5 (win64) logging started 11/07/15 15:44:52

Optimize a model with 97 rows, 76 columns and 148 nonzeros
Coefficient statistics:
  Matrix range    [1e+00, 1e+01]
  Objective range [8e-01, 1e+01]
  Bounds range    [1e+00, 1e+00]
  RHS range       [1e+00, 1e+00]
Found heuristic solution: objective 0
Presolve removed 97 rows and 76 columns
Presolve time: 0.00s

Explored 0 nodes (0 simplex iterations) in 0.00 seconds
Thread count was 1 (of 4 available processors)

Optimal solution found (tolerance 1.00e-04)
Best objective 0.000000000000e+00, best bound 0.000000000000e+00, gap 0.0%

Gurobi 6.0.5 (win64) logging started 11/07/15 16:02:09

Optimize a model with 97 rows, 76 columns and 148 nonzeros
Coefficient statistics:
  Matrix range    [1e+00, 1e+01]
  Objective range [8e-01, 1e+01]
  Bounds range    [1e+00, 1e+00]
  RHS range       [1e+00, 1e+00]
Found heuristic solution: objective 0
Presolve removed 97 rows and 76 columns
Presolve time: 0.00s

Explored 0 nodes (0 simplex iterations) in 0.00 seconds
Thread count was 1 (of 4 available processors)

Optimal solution found (tolerance 1.00e-04)
Best objective 0.000000000000e+00, best bound 0.000000000000e+00, gap 0.0%

Gurobi 6.0.5 (win64) logging started 11/07/15 16:11:16


Gurobi 6.0.5 (win64) logging started 11/07/15 16:20:10


Gurobi 6.0.5 (win64) logging started 11/07/15 16:23:26

Optimize a model with 97 rows, 76 columns and 196 nonzeros
Coefficient statistics:
  Matrix range    [1e+00, 1e+01]
  Objective range [8e-01, 1e+01]
  Bounds range    [1e+00, 1e+00]
  RHS range       [1e+00, 1e+00]
Found heuristic solution: objective 60
Presolve removed 91 rows and 71 columns
Presolve time: 0.22s
Presolved: 6 rows, 5 columns, 12 nonzeros
Found heuristic solution: objective 32.8000000
Variable types: 0 continuous, 5 integer (5 binary)

Root relaxation: objective 3.080000e+01, 0 iterations, 0.00 seconds

    Nodes    |    Current Node    |     Objective Bounds      |     Work
 Expl Unexpl |  Obj  Depth IntInf | Incumbent    BestBd   Gap | It/Node Time

*    0     0               0      30.8000000   30.80000  0.00%     -    0s

Explored 0 nodes (0 simplex iterations) in 0.24 seconds
Thread count was 2 (of 4 available processors)

Optimal solution found (tolerance 1.00e-04)
Best objective 3.080000000000e+01, best bound 3.080000000000e+01, gap 0.0%

Gurobi 6.0.5 (win64) logging started 11/07/15 16:50:42

Optimize a model with 97 rows, 76 columns and 196 nonzeros
Coefficient statistics:
  Matrix range    [1e+00, 1e+01]
  Objective range [8e-01, 1e+01]
  Bounds range    [1e+00, 1e+00]
  RHS range       [1e+00, 1e+00]
Found heuristic solution: objective 60
Presolve removed 91 rows and 71 columns
Presolve time: 0.00s
Presolved: 6 rows, 5 columns, 12 nonzeros
Found heuristic solution: objective 32.8000000
Variable types: 0 continuous, 5 integer (5 binary)

Root relaxation: objective 3.080000e+01, 0 iterations, 0.00 seconds

    Nodes    |    Current Node    |     Objective Bounds      |     Work
 Expl Unexpl |  Obj  Depth IntInf | Incumbent    BestBd   Gap | It/Node Time

*    0     0               0      30.8000000   30.80000  0.00%     -    0s

Explored 0 nodes (0 simplex iterations) in 0.00 seconds
Thread count was 2 (of 4 available processors)

Optimal solution found (tolerance 1.00e-04)
Best objective 3.080000000000e+01, best bound 3.080000000000e+01, gap 0.0%

Gurobi 6.0.5 (win64) logging started 11/07/15 16:59:26


Gurobi 6.0.5 (win64) logging started 11/07/15 16:59:46


Gurobi 6.0.5 (win64) logging started 11/07/15 17:00:08


Gurobi 6.0.5 (win64) logging started 11/07/15 17:04:32


Gurobi 6.0.5 (win64) logging started 11/07/15 17:16:04


Gurobi 6.0.5 (win64) logging started 11/07/15 17:17:19

Optimize a model with 97 rows, 76 columns and 232 nonzeros
Coefficient statistics:
  Matrix range    [1e+00, 1e+01]
  Objective range [8e-01, 1e+01]
  Bounds range    [1e+00, 1e+00]
  RHS range       [1e+00, 1e+00]
Found heuristic solution: objective 60
Presolve removed 93 rows and 71 columns
Presolve time: 0.00s
Presolved: 4 rows, 5 columns, 12 nonzeros
Found heuristic solution: objective 45.0000000
Variable types: 0 continuous, 5 integer (5 binary)

Root relaxation: cutoff, 0 iterations, 0.00 seconds

Explored 0 nodes (0 simplex iterations) in 0.00 seconds
Thread count was 2 (of 4 available processors)

Optimal solution found (tolerance 1.00e-04)
Best objective 4.500000000000e+01, best bound 4.500000000000e+01, gap 0.0%

Gurobi 6.0.5 (win64) logging started 11/07/15 17:32:15


Gurobi 6.0.5 (win64) logging started 11/07/15 17:32:33

Optimize a model with 97 rows, 76 columns and 232 nonzeros
Coefficient statistics:
  Matrix range    [1e+00, 1e+01]
  Objective range [8e-01, 1e+01]
  Bounds range    [1e+00, 1e+00]
  RHS range       [1e+00, 1e+00]
Presolve removed 21 rows and 10 columns
Presolve time: 0.00s

Explored 0 nodes (0 simplex iterations) in 0.00 seconds
Thread count was 1 (of 4 available processors)

Model is infeasible
Best objective -, best bound -, gap -

Gurobi 6.0.5 (win64) logging started 11/07/15 17:34:28


Gurobi 6.0.5 (win64) logging started 11/07/15 17:35:17


Gurobi 6.0.5 (win64) logging started 11/07/15 17:35:42

Optimize a model with 97 rows, 76 columns and 232 nonzeros
Coefficient statistics:
  Matrix range    [1e+00, 1e+01]
  Objective range [8e-01, 1e+01]
  Bounds range    [1e+00, 1e+00]
  RHS range       [1e+00, 1e+00]
Presolve removed 21 rows and 10 columns
Presolve time: 0.00s

Explored 0 nodes (0 simplex iterations) in 0.00 seconds
Thread count was 1 (of 4 available processors)

Model is infeasible
Best objective -, best bound -, gap -

Gurobi 6.0.5 (win64) logging started 11/07/15 17:42:53

Optimize a model with 97 rows, 76 columns and 232 nonzeros
Coefficient statistics:
  Matrix range    [1e+00, 1e+01]
  Objective range [8e-01, 1e+01]
  Bounds range    [1e+00, 1e+00]
  RHS range       [1e+00, 1e+00]
Presolve removed 21 rows and 10 columns
Presolve time: 0.00s

Explored 0 nodes (0 simplex iterations) in 0.00 seconds
Thread count was 1 (of 4 available processors)

Model is infeasible
Best objective -, best bound -, gap -

Gurobi 6.0.5 (win64) logging started 11/07/15 20:48:36

Optimize a model with 97 rows, 76 columns and 232 nonzeros
Coefficient statistics:
  Matrix range    [1e+00, 1e+01]
  Objective range [8e-01, 1e+01]
  Bounds range    [1e+00, 1e+00]
  RHS range       [1e+00, 1e+00]
Presolve removed 21 rows and 10 columns
Presolve time: 0.00s

Explored 0 nodes (0 simplex iterations) in 0.00 seconds
Thread count was 1 (of 4 available processors)

Model is infeasible
Best objective -, best bound -, gap -

Gurobi 6.0.5 (win64) logging started 11/07/15 20:59:43


Gurobi 6.0.5 (win64) logging started 11/07/15 21:00:20

Optimize a model with 97 rows, 76 columns and 232 nonzeros
Coefficient statistics:
  Matrix range    [1e+00, 1e+01]
  Objective range [8e-01, 1e+01]
  Bounds range    [1e+00, 1e+00]
  RHS range       [1e+00, 1e+00]
Presolve removed 21 rows and 10 columns
Presolve time: 0.00s

Explored 0 nodes (0 simplex iterations) in 0.00 seconds
Thread count was 1 (of 4 available processors)

Model is infeasible
Best objective -, best bound -, gap -

Gurobi 6.0.5 (win64) logging started 11/07/15 21:33:54

Optimize a model with 97 rows, 76 columns and 232 nonzeros
Coefficient statistics:
  Matrix range    [1e+00, 1e+01]
  Objective range [8e-01, 1e+01]
  Bounds range    [1e+00, 1e+00]
  RHS range       [1e+00, 1e+00]
Found heuristic solution: objective 60
Presolve removed 93 rows and 71 columns
Presolve time: 0.00s
Presolved: 4 rows, 5 columns, 12 nonzeros
Found heuristic solution: objective 45.0000000
Variable types: 0 continuous, 5 integer (5 binary)

Root relaxation: cutoff, 0 iterations, 0.00 seconds

Explored 0 nodes (0 simplex iterations) in 0.00 seconds
Thread count was 2 (of 4 available processors)

Optimal solution found (tolerance 1.00e-04)
Best objective 4.500000000000e+01, best bound 4.500000000000e+01, gap 0.0%

Gurobi 6.0.5 (win64) logging started 11/07/15 21:34:39

Optimize a model with 97 rows, 76 columns and 232 nonzeros
Coefficient statistics:
  Matrix range    [1e+00, 1e+01]
  Objective range [8e-01, 1e+01]
  Bounds range    [1e+00, 1e+00]
  RHS range       [1e+00, 1e+00]
Presolve removed 21 rows and 10 columns
Presolve time: 0.00s

Explored 0 nodes (0 simplex iterations) in 0.00 seconds
Thread count was 1 (of 4 available processors)

Model is infeasible
Best objective -, best bound -, gap -

Gurobi 6.0.5 (win64) logging started 11/07/15 21:35:00

Optimize a model with 97 rows, 76 columns and 232 nonzeros
Coefficient statistics:
  Matrix range    [1e+00, 1e+01]
  Objective range [8e-01, 1e+01]
  Bounds range    [1e+00, 1e+00]
  RHS range       [1e+00, 1e+00]
Presolve removed 21 rows and 10 columns
Presolve time: 0.00s

Explored 0 nodes (0 simplex iterations) in 0.00 seconds
Thread count was 1 (of 4 available processors)

Model is infeasible
Best objective -, best bound -, gap -

Gurobi 6.0.5 (win64) logging started 11/07/15 21:35:45

Optimize a model with 97 rows, 76 columns and 232 nonzeros
Coefficient statistics:
  Matrix range    [1e+00, 1e+01]
  Objective range [8e-01, 1e+01]
  Bounds range    [1e+00, 1e+00]
  RHS range       [1e+00, 1e+00]
Found heuristic solution: objective 60
Presolve removed 93 rows and 71 columns
Presolve time: 0.00s
Presolved: 4 rows, 5 columns, 12 nonzeros
Found heuristic solution: objective 45.0000000
Variable types: 0 continuous, 5 integer (5 binary)

Root relaxation: cutoff, 0 iterations, 0.00 seconds

Explored 0 nodes (0 simplex iterations) in 0.00 seconds
Thread count was 2 (of 4 available processors)

Optimal solution found (tolerance 1.00e-04)
Best objective 4.500000000000e+01, best bound 4.500000000000e+01, gap 0.0%

Gurobi 6.0.5 (win64) logging started 11/07/15 21:36:53

Optimize a model with 97 rows, 76 columns and 232 nonzeros
Coefficient statistics:
  Matrix range    [1e+00, 1e+01]
  Objective range [8e-01, 1e+01]
  Bounds range    [1e+00, 1e+00]
  RHS range       [1e+00, 1e+00]
Found heuristic solution: objective 60
Presolve removed 93 rows and 71 columns
Presolve time: 0.00s
Presolved: 4 rows, 5 columns, 12 nonzeros
Found heuristic solution: objective 45.0000000
Variable types: 0 continuous, 5 integer (5 binary)

Root relaxation: cutoff, 0 iterations, 0.00 seconds

Explored 0 nodes (0 simplex iterations) in 0.00 seconds
Thread count was 2 (of 4 available processors)

Optimal solution found (tolerance 1.00e-04)
Best objective 4.500000000000e+01, best bound 4.500000000000e+01, gap 0.0%

Gurobi 6.0.5 (win64) logging started 11/07/15 21:37:28

Optimize a model with 97 rows, 76 columns and 232 nonzeros
Coefficient statistics:
  Matrix range    [1e+00, 1e+01]
  Objective range [8e-01, 1e+01]
  Bounds range    [1e+00, 1e+00]
  RHS range       [1e+00, 1e+00]
Presolve removed 21 rows and 10 columns
Presolve time: 0.00s

Explored 0 nodes (0 simplex iterations) in 0.00 seconds
Thread count was 1 (of 4 available processors)

Model is infeasible
Best objective -, best bound -, gap -

Gurobi 6.0.5 (win64) logging started 11/07/15 21:38:28

Optimize a model with 97 rows, 76 columns and 232 nonzeros
Coefficient statistics:
  Matrix range    [1e+00, 1e+01]
  Objective range [8e-01, 1e+01]
  Bounds range    [1e+00, 1e+00]
  RHS range       [1e+00, 1e+00]
Presolve removed 21 rows and 10 columns
Presolve time: 0.00s

Explored 0 nodes (0 simplex iterations) in 0.00 seconds
Thread count was 1 (of 4 available processors)

Model is infeasible
Best objective -, best bound -, gap -

Gurobi 6.0.5 (win64) logging started 11/07/15 21:38:35

Optimize a model with 97 rows, 76 columns and 232 nonzeros
Coefficient statistics:
  Matrix range    [1e+00, 1e+01]
  Objective range [8e-01, 1e+01]
  Bounds range    [1e+00, 1e+00]
  RHS range       [1e+00, 1e+00]
Found heuristic solution: objective 60
Presolve removed 93 rows and 71 columns
Presolve time: 0.00s
Presolved: 4 rows, 5 columns, 12 nonzeros
Found heuristic solution: objective 45.0000000
Variable types: 0 continuous, 5 integer (5 binary)

Root relaxation: cutoff, 0 iterations, 0.00 seconds

Explored 0 nodes (0 simplex iterations) in 0.00 seconds
Thread count was 2 (of 4 available processors)

Optimal solution found (tolerance 1.00e-04)
Best objective 4.500000000000e+01, best bound 4.500000000000e+01, gap 0.0%

Gurobi 6.0.5 (win64) logging started 11/07/15 21:39:03

Optimize a model with 97 rows, 76 columns and 232 nonzeros
Coefficient statistics:
  Matrix range    [1e+00, 1e+01]
  Objective range [8e-01, 1e+01]
  Bounds range    [1e+00, 1e+00]
  RHS range       [1e+00, 1e+00]
Found heuristic solution: objective 60
Presolve removed 93 rows and 71 columns
Presolve time: 0.00s
Presolved: 4 rows, 5 columns, 12 nonzeros
Found heuristic solution: objective 50.0000000
Variable types: 0 continuous, 5 integer (5 binary)

Root relaxation: cutoff, 0 iterations, 0.00 seconds

Explored 0 nodes (0 simplex iterations) in 0.00 seconds
Thread count was 2 (of 4 available processors)

Optimal solution found (tolerance 1.00e-04)
Best objective 5.000000000000e+01, best bound 5.000000000000e+01, gap 0.0%

Gurobi 6.0.5 (win64) logging started 11/07/15 21:57:15

Optimize a model with 97 rows, 76 columns and 232 nonzeros
Coefficient statistics:
  Matrix range    [1e+00, 1e+01]
  Objective range [8e-01, 1e+01]
  Bounds range    [1e+00, 1e+00]
  RHS range       [1e+00, 1e+00]
Found heuristic solution: objective 65
Presolve removed 97 rows and 76 columns
Presolve time: 0.00s

Explored 0 nodes (0 simplex iterations) in 0.00 seconds
Thread count was 1 (of 4 available processors)

Optimal solution found (tolerance 1.00e-04)
Best objective 5.100000000000e+01, best bound 5.100000000000e+01, gap 0.0%

Gurobi 6.0.5 (win64) logging started 11/07/15 21:58:23

Optimize a model with 97 rows, 76 columns and 232 nonzeros
Coefficient statistics:
  Matrix range    [1e+00, 1e+01]
  Objective range [8e-01, 1e+01]
  Bounds range    [1e+00, 1e+00]
  RHS range       [1e+00, 1e+00]
Found heuristic solution: objective 60
Presolve removed 97 rows and 76 columns
Presolve time: 0.00s

Explored 0 nodes (0 simplex iterations) in 0.00 seconds
Thread count was 1 (of 4 available processors)

Optimal solution found (tolerance 1.00e-04)
Best objective 6.000000000000e+01, best bound 6.000000000000e+01, gap 0.0%

Gurobi 6.0.5 (win64) logging started 11/07/15 21:58:54

Optimize a model with 97 rows, 76 columns and 232 nonzeros
Coefficient statistics:
  Matrix range    [1e+00, 1e+01]
  Objective range [8e-01, 1e+01]
  Bounds range    [1e+00, 1e+00]
  RHS range       [1e+00, 1e+00]
Presolve removed 26 rows and 15 columns
Presolve time: 0.00s

Explored 0 nodes (0 simplex iterations) in 0.00 seconds
Thread count was 1 (of 4 available processors)

Model is infeasible
Best objective -, best bound -, gap -

Gurobi 6.0.5 (win64) logging started 11/07/15 22:06:49

Optimize a model with 97 rows, 76 columns and 232 nonzeros
Coefficient statistics:
  Matrix range    [1e+00, 1e+01]
  Objective range [8e-01, 1e+01]
  Bounds range    [1e+00, 1e+00]
  RHS range       [1e+00, 1e+00]
Presolve removed 26 rows and 15 columns
Presolve time: 0.00s

Explored 0 nodes (0 simplex iterations) in 0.00 seconds
Thread count was 1 (of 4 available processors)

Model is infeasible
Best objective -, best bound -, gap -

Gurobi 6.0.5 (win64) logging started 11/07/15 22:09:04

Optimize a model with 97 rows, 76 columns and 232 nonzeros
Coefficient statistics:
  Matrix range    [1e+00, 1e+01]
  Objective range [8e-01, 1e+01]
  Bounds range    [1e+00, 1e+00]
  RHS range       [1e+00, 1e+00]
Presolve removed 26 rows and 15 columns
Presolve time: 0.00s

Explored 0 nodes (0 simplex iterations) in 0.00 seconds
Thread count was 1 (of 4 available processors)

Model is infeasible
Best objective -, best bound -, gap -

Gurobi 6.0.5 (win64) logging started 11/07/15 22:31:11

Optimize a model with 97 rows, 76 columns and 232 nonzeros
Coefficient statistics:
  Matrix range    [1e+00, 1e+01]
  Objective range [8e-01, 1e+01]
  Bounds range    [1e+00, 1e+00]
  RHS range       [1e+00, 1e+00]
Presolve removed 26 rows and 15 columns
Presolve time: 0.00s

Explored 0 nodes (0 simplex iterations) in 0.00 seconds
Thread count was 1 (of 4 available processors)

Model is infeasible
Best objective -, best bound -, gap -

Gurobi 6.0.5 (win64) logging started 11/07/15 22:36:40

Optimize a model with 97 rows, 76 columns and 232 nonzeros
Coefficient statistics:
  Matrix range    [1e+00, 1e+01]
  Objective range [8e-01, 1e+01]
  Bounds range    [1e+00, 1e+00]
  RHS range       [1e+00, 1e+00]
Presolve removed 26 rows and 15 columns
Presolve time: 0.00s

Explored 0 nodes (0 simplex iterations) in 0.00 seconds
Thread count was 1 (of 4 available processors)

Model is infeasible
Best objective -, best bound -, gap -

Gurobi 6.0.5 (win64) logging started 11/07/15 22:36:52

Optimize a model with 97 rows, 76 columns and 232 nonzeros
Coefficient statistics:
  Matrix range    [1e+00, 1e+01]
  Objective range [8e-01, 1e+01]
  Bounds range    [1e+00, 1e+00]
  RHS range       [1e+00, 1e+00]
Presolve removed 26 rows and 15 columns
Presolve time: 0.00s

Explored 0 nodes (0 simplex iterations) in 0.00 seconds
Thread count was 1 (of 4 available processors)

Model is infeasible
Best objective -, best bound -, gap -

Gurobi 6.0.5 (win64) logging started 11/07/15 22:40:06

Optimize a model with 97 rows, 76 columns and 232 nonzeros
Coefficient statistics:
  Matrix range    [1e+00, 1e+01]
  Objective range [8e-01, 1e+01]
  Bounds range    [1e+00, 1e+00]
  RHS range       [1e+00, 1e+00]
Presolve removed 26 rows and 15 columns
Presolve time: 0.00s

Explored 0 nodes (0 simplex iterations) in 0.00 seconds
Thread count was 1 (of 4 available processors)

Model is infeasible
Best objective -, best bound -, gap -

Gurobi 6.0.5 (win64) logging started 11/07/15 22:41:06


Gurobi 6.0.5 (win64) logging started 11/07/15 22:43:53

Optimize a model with 97 rows, 76 columns and 232 nonzeros
Coefficient statistics:
  Matrix range    [1e+00, 1e+01]
  Objective range [8e-01, 1e+01]
  Bounds range    [1e+00, 1e+00]
  RHS range       [1e+00, 1e+00]
Presolve removed 26 rows and 15 columns
Presolve time: 0.00s

Explored 0 nodes (0 simplex iterations) in 0.00 seconds
Thread count was 1 (of 4 available processors)

Model is infeasible
Best objective -, best bound -, gap -

Gurobi 6.0.5 (win64) logging started 11/07/15 22:45:47

Optimize a model with 97 rows, 76 columns and 232 nonzeros
Coefficient statistics:
  Matrix range    [1e+00, 1e+01]
  Objective range [8e-01, 1e+01]
  Bounds range    [1e+00, 1e+00]
  RHS range       [1e+00, 1e+00]
Presolve removed 26 rows and 15 columns
Presolve time: 0.00s

Explored 0 nodes (0 simplex iterations) in 0.00 seconds
Thread count was 1 (of 4 available processors)

Model is infeasible
Best objective -, best bound -, gap -

Gurobi 6.0.5 (win64) logging started 11/07/15 22:49:16

Optimize a model with 97 rows, 76 columns and 232 nonzeros
Coefficient statistics:
  Matrix range    [1e+00, 1e+01]
  Objective range [8e-01, 1e+01]
  Bounds range    [1e+00, 1e+00]
  RHS range       [1e+00, 1e+00]
Presolve removed 26 rows and 15 columns
Presolve time: 0.00s

Explored 0 nodes (0 simplex iterations) in 0.00 seconds
Thread count was 1 (of 4 available processors)

Model is infeasible
Best objective -, best bound -, gap -

Gurobi 6.0.5 (win64) logging started 11/07/15 22:51:59

Optimize a model with 37 rows, 28 columns and 76 nonzeros
Coefficient statistics:
  Matrix range    [1e+00, 2e+00]
  Objective range [1e+00, 4e+00]
  Bounds range    [1e+00, 1e+00]
  RHS range       [1e+00, 1e+00]
Found heuristic solution: objective 11
Presolve removed 37 rows and 28 columns
Presolve time: 0.00s

Explored 0 nodes (0 simplex iterations) in 0.00 seconds
Thread count was 1 (of 4 available processors)

Optimal solution found (tolerance 1.00e-04)
Best objective 9.000000000000e+00, best bound 9.000000000000e+00, gap 0.0%

Gurobi 6.0.5 (win64) logging started 11/07/15 22:56:45

Optimize a model with 97 rows, 76 columns and 232 nonzeros
Coefficient statistics:
  Matrix range    [1e+00, 1e+01]
  Objective range [8e-01, 1e+01]
  Bounds range    [1e+00, 1e+00]
  RHS range       [1e+00, 1e+00]
Found heuristic solution: objective 60
Presolve removed 93 rows and 71 columns
Presolve time: 0.00s
Presolved: 4 rows, 5 columns, 12 nonzeros
Found heuristic solution: objective 45.0000000
Variable types: 0 continuous, 5 integer (5 binary)

Root relaxation: cutoff, 0 iterations, 0.00 seconds

Explored 0 nodes (0 simplex iterations) in 0.00 seconds
Thread count was 2 (of 4 available processors)

Optimal solution found (tolerance 1.00e-04)
Best objective 4.500000000000e+01, best bound 4.500000000000e+01, gap 0.0%

Gurobi 6.0.5 (win64) logging started 11/07/15 22:57:31

Optimize a model with 97 rows, 76 columns and 232 nonzeros
Coefficient statistics:
  Matrix range    [1e+00, 1e+01]
  Objective range [8e-01, 1e+01]
  Bounds range    [1e+00, 1e+00]
  RHS range       [1e+00, 1e+00]
Found heuristic solution: objective 60
Presolve removed 93 rows and 71 columns
Presolve time: 0.00s
Presolved: 4 rows, 5 columns, 12 nonzeros
Found heuristic solution: objective 45.0000000
Variable types: 0 continuous, 5 integer (5 binary)

Root relaxation: cutoff, 0 iterations, 0.00 seconds

Explored 0 nodes (0 simplex iterations) in 0.00 seconds
Thread count was 2 (of 4 available processors)

Optimal solution found (tolerance 1.00e-04)
Best objective 4.500000000000e+01, best bound 4.500000000000e+01, gap 0.0%

Gurobi 6.0.5 (win64) logging started 11/07/15 22:59:24

Optimize a model with 97 rows, 76 columns and 232 nonzeros
Coefficient statistics:
  Matrix range    [1e+00, 1e+01]
  Objective range [8e-01, 1e+01]
  Bounds range    [1e+00, 1e+00]
  RHS range       [1e+00, 1e+00]
Presolve removed 26 rows and 15 columns
Presolve time: 0.00s

Explored 0 nodes (0 simplex iterations) in 0.00 seconds
Thread count was 1 (of 4 available processors)

Model is infeasible
Best objective -, best bound -, gap -

Gurobi 6.0.5 (win64) logging started 11/07/15 22:59:52

Optimize a model with 97 rows, 76 columns and 232 nonzeros
Coefficient statistics:
  Matrix range    [1e+00, 1e+01]
  Objective range [8e-01, 1e+01]
  Bounds range    [1e+00, 1e+00]
  RHS range       [1e+00, 1e+00]
Presolve removed 25 rows and 14 columns
Presolve time: 0.00s

Explored 0 nodes (0 simplex iterations) in 0.00 seconds
Thread count was 1 (of 4 available processors)

Model is infeasible
Best objective -, best bound -, gap -

Gurobi 6.0.5 (win64) logging started 11/07/15 23:00:10

Optimize a model with 97 rows, 76 columns and 232 nonzeros
Coefficient statistics:
  Matrix range    [1e+00, 1e+01]
  Objective range [8e-01, 1e+01]
  Bounds range    [1e+00, 1e+00]
  RHS range       [1e+00, 1e+00]
Presolve removed 24 rows and 13 columns
Presolve time: 0.00s

Explored 0 nodes (0 simplex iterations) in 0.00 seconds
Thread count was 1 (of 4 available processors)

Model is infeasible
Best objective -, best bound -, gap -

Gurobi 6.0.5 (win64) logging started 11/07/15 23:00:18

Optimize a model with 97 rows, 76 columns and 232 nonzeros
Coefficient statistics:
  Matrix range    [1e+00, 1e+01]
  Objective range [8e-01, 1e+01]
  Bounds range    [1e+00, 1e+00]
  RHS range       [1e+00, 1e+00]
Presolve removed 23 rows and 12 columns
Presolve time: 0.00s

Explored 0 nodes (0 simplex iterations) in 0.00 seconds
Thread count was 1 (of 4 available processors)

Model is infeasible
Best objective -, best bound -, gap -

Gurobi 6.0.5 (win64) logging started 11/07/15 23:00:27

Optimize a model with 97 rows, 76 columns and 232 nonzeros
Coefficient statistics:
  Matrix range    [1e+00, 1e+01]
  Objective range [8e-01, 1e+01]
  Bounds range    [1e+00, 1e+00]
  RHS range       [1e+00, 1e+00]
Presolve removed 22 rows and 11 columns
Presolve time: 0.00s

Explored 0 nodes (0 simplex iterations) in 0.00 seconds
Thread count was 1 (of 4 available processors)

Model is infeasible
Best objective -, best bound -, gap -

Gurobi 6.0.5 (win64) logging started 11/07/15 23:00:39

Optimize a model with 97 rows, 76 columns and 232 nonzeros
Coefficient statistics:
  Matrix range    [1e+00, 1e+01]
  Objective range [8e-01, 1e+01]
  Bounds range    [1e+00, 1e+00]
  RHS range       [1e+00, 1e+00]
Found heuristic solution: objective 53
Presolve removed 97 rows and 76 columns
Presolve time: 0.00s

Explored 0 nodes (0 simplex iterations) in 0.00 seconds
Thread count was 1 (of 4 available processors)

Optimal solution found (tolerance 1.00e-04)
Best objective 4.500000000000e+01, best bound 4.500000000000e+01, gap 0.0%

Gurobi 6.0.5 (win64) logging started 11/07/15 23:01:09

Optimize a model with 97 rows, 76 columns and 232 nonzeros
Coefficient statistics:
  Matrix range    [1e+00, 1e+01]
  Objective range [8e-01, 1e+01]
  Bounds range    [1e+00, 1e+00]
  RHS range       [1e+00, 1e+00]
Presolve removed 21 rows and 10 columns
Presolve time: 0.00s

Explored 0 nodes (0 simplex iterations) in 0.00 seconds
Thread count was 1 (of 4 available processors)

Model is infeasible
Best objective -, best bound -, gap -

Gurobi 6.0.5 (win64) logging started 11/07/15 23:01:41

Optimize a model with 97 rows, 76 columns and 232 nonzeros
Coefficient statistics:
  Matrix range    [1e+00, 1e+01]
  Objective range [8e-01, 1e+01]
  Bounds range    [1e+00, 1e+00]
  RHS range       [1e+00, 1e+00]
Presolve removed 22 rows and 11 columns
Presolve time: 0.00s

Explored 0 nodes (0 simplex iterations) in 0.00 seconds
Thread count was 1 (of 4 available processors)

Model is infeasible
Best objective -, best bound -, gap -

Gurobi 6.0.5 (win64) logging started 11/07/15 23:01:54

Optimize a model with 97 rows, 76 columns and 232 nonzeros
Coefficient statistics:
  Matrix range    [1e+00, 1e+01]
  Objective range [8e-01, 1e+01]
  Bounds range    [1e+00, 1e+00]
  RHS range       [1e+00, 1e+00]
Presolve removed 21 rows and 10 columns
Presolve time: 0.00s

Explored 0 nodes (0 simplex iterations) in 0.00 seconds
Thread count was 1 (of 4 available processors)

Model is infeasible
Best objective -, best bound -, gap -

Gurobi 6.0.5 (win64) logging started 11/07/15 23:03:15

Optimize a model with 97 rows, 76 columns and 232 nonzeros
Coefficient statistics:
  Matrix range    [1e+00, 1e+01]
  Objective range [8e-01, 1e+01]
  Bounds range    [1e+00, 1e+00]
  RHS range       [1e+00, 1e+00]
Found heuristic solution: objective 49
Presolve removed 97 rows and 76 columns
Presolve time: 0.00s

Explored 0 nodes (0 simplex iterations) in 0.00 seconds
Thread count was 1 (of 4 available processors)

Optimal solution found (tolerance 1.00e-04)
Best objective 4.600000000000e+01, best bound 4.600000000000e+01, gap 0.0%

Gurobi 6.0.5 (win64) logging started 11/07/15 23:03:27

Optimize a model with 97 rows, 76 columns and 232 nonzeros
Coefficient statistics:
  Matrix range    [1e+00, 1e+01]
  Objective range [8e-01, 1e+01]
  Bounds range    [1e+00, 1e+00]
  RHS range       [1e+00, 1e+00]
Presolve removed 23 rows and 12 columns
Presolve time: 0.00s

Explored 0 nodes (0 simplex iterations) in 0.00 seconds
Thread count was 1 (of 4 available processors)

Model is infeasible
Best objective -, best bound -, gap -

Gurobi 6.0.5 (win64) logging started 11/07/15 23:03:41

Optimize a model with 97 rows, 76 columns and 232 nonzeros
Coefficient statistics:
  Matrix range    [1e+00, 1e+01]
  Objective range [8e-01, 1e+01]
  Bounds range    [1e+00, 1e+00]
  RHS range       [1e+00, 1e+00]
Presolve removed 21 rows and 10 columns
Presolve time: 0.00s

Explored 0 nodes (0 simplex iterations) in 0.00 seconds
Thread count was 1 (of 4 available processors)

Model is infeasible
Best objective -, best bound -, gap -

Gurobi 6.0.5 (win64) logging started 11/07/15 23:04:20

Optimize a model with 97 rows, 76 columns and 232 nonzeros
Coefficient statistics:
  Matrix range    [1e+00, 1e+01]
  Objective range [8e-01, 1e+01]
  Bounds range    [1e+00, 1e+00]
  RHS range       [1e+00, 1e+00]
Presolve removed 23 rows and 12 columns
Presolve time: 0.00s

Explored 0 nodes (0 simplex iterations) in 0.00 seconds
Thread count was 1 (of 4 available processors)

Model is infeasible
Best objective -, best bound -, gap -

Gurobi 6.0.5 (win64) logging started 11/07/15 23:04:33

Optimize a model with 97 rows, 76 columns and 232 nonzeros
Coefficient statistics:
  Matrix range    [1e+00, 1e+01]
  Objective range [8e-01, 1e+01]
  Bounds range    [1e+00, 1e+00]
  RHS range       [1e+00, 1e+00]
Presolve removed 21 rows and 10 columns
Presolve time: 0.00s

Explored 0 nodes (0 simplex iterations) in 0.00 seconds
Thread count was 1 (of 4 available processors)

Model is infeasible
Best objective -, best bound -, gap -

Gurobi 6.0.5 (win64) logging started 11/07/15 23:05:17

Optimize a model with 97 rows, 76 columns and 232 nonzeros
Coefficient statistics:
  Matrix range    [1e+00, 1e+01]
  Objective range [8e-01, 1e+01]
  Bounds range    [1e+00, 1e+00]
  RHS range       [1e+00, 1e+00]
Found heuristic solution: objective 49
Presolve removed 97 rows and 76 columns
Presolve time: 0.00s

Explored 0 nodes (0 simplex iterations) in 0.00 seconds
Thread count was 1 (of 4 available processors)

Optimal solution found (tolerance 1.00e-04)
Best objective 4.600000000000e+01, best bound 4.600000000000e+01, gap 0.0%

Gurobi 6.0.5 (win64) logging started 11/07/15 23:18:19

Optimize a model with 97 rows, 76 columns and 232 nonzeros
Coefficient statistics:
  Matrix range    [1e+00, 1e+01]
  Objective range [8e-01, 1e+01]
  Bounds range    [1e+00, 1e+00]
  RHS range       [1e+00, 1e+00]
Found heuristic solution: objective 60
Presolve removed 93 rows and 71 columns
Presolve time: 0.00s
Presolved: 4 rows, 5 columns, 12 nonzeros
Found heuristic solution: objective 45.0000000
Variable types: 0 continuous, 5 integer (5 binary)

Root relaxation: cutoff, 0 iterations, 0.00 seconds

Explored 0 nodes (0 simplex iterations) in 0.00 seconds
Thread count was 2 (of 4 available processors)

Optimal solution found (tolerance 1.00e-04)
Best objective 4.500000000000e+01, best bound 4.500000000000e+01, gap 0.0%

Gurobi 6.0.5 (win64) logging started 11/07/15 23:18:56

Optimize a model with 97 rows, 76 columns and 232 nonzeros
Coefficient statistics:
  Matrix range    [1e+00, 1e+01]
  Objective range [8e-01, 1e+01]
  Bounds range    [1e+00, 1e+00]
  RHS range       [1e+00, 1e+00]
Presolve removed 26 rows and 15 columns
Presolve time: 0.00s

Explored 0 nodes (0 simplex iterations) in 0.00 seconds
Thread count was 1 (of 4 available processors)

Model is infeasible
Best objective -, best bound -, gap -

Gurobi 6.0.5 (win64) logging started 11/07/15 23:20:35

Optimize a model with 97 rows, 76 columns and 232 nonzeros
Coefficient statistics:
  Matrix range    [1e+00, 1e+01]
  Objective range [8e-01, 1e+01]
  Bounds range    [1e+00, 1e+00]
  RHS range       [1e+00, 1e+00]
Found heuristic solution: objective 60
Presolve removed 93 rows and 71 columns
Presolve time: 0.00s
Presolved: 4 rows, 5 columns, 12 nonzeros
Found heuristic solution: objective 50.0000000
Variable types: 0 continuous, 5 integer (5 binary)

Root relaxation: cutoff, 0 iterations, 0.00 seconds

Explored 0 nodes (0 simplex iterations) in 0.00 seconds
Thread count was 2 (of 4 available processors)

Optimal solution found (tolerance 1.00e-04)
Best objective 5.000000000000e+01, best bound 5.000000000000e+01, gap 0.0%

Gurobi 6.0.5 (win64) logging started 11/07/15 23:29:27

Optimize a model with 97 rows, 76 columns and 232 nonzeros
Coefficient statistics:
  Matrix range    [1e+00, 1e+01]
  Objective range [8e-01, 1e+01]
  Bounds range    [1e+00, 1e+00]
  RHS range       [1e+00, 1e+00]
Presolve removed 21 rows and 10 columns
Presolve time: 0.00s

Explored 0 nodes (0 simplex iterations) in 0.00 seconds
Thread count was 1 (of 4 available processors)

Model is infeasible
Best objective -, best bound -, gap -

Gurobi 6.0.5 (win64) logging started 11/07/15 23:29:55

Optimize a model with 97 rows, 76 columns and 232 nonzeros
Coefficient statistics:
  Matrix range    [1e+00, 1e+01]
  Objective range [8e-01, 1e+01]
  Bounds range    [1e+00, 1e+00]
  RHS range       [1e+00, 1e+00]
Found heuristic solution: objective 60
Presolve removed 93 rows and 71 columns
Presolve time: 0.00s
Presolved: 4 rows, 5 columns, 12 nonzeros
Found heuristic solution: objective 50.0000000
Variable types: 0 continuous, 5 integer (5 binary)

Root relaxation: cutoff, 0 iterations, 0.00 seconds

Explored 0 nodes (0 simplex iterations) in 0.00 seconds
Thread count was 2 (of 4 available processors)

Optimal solution found (tolerance 1.00e-04)
Best objective 5.000000000000e+01, best bound 5.000000000000e+01, gap 0.0%

Gurobi 6.0.5 (win64) logging started 11/07/15 23:32:49

Optimize a model with 97 rows, 76 columns and 232 nonzeros
Coefficient statistics:
  Matrix range    [1e+00, 1e+01]
  Objective range [8e-01, 1e+01]
  Bounds range    [0e+00, 0e+00]
  RHS range       [1e+00, 1e+00]
Found heuristic solution: objective 60
Presolve removed 78 rows and 60 columns
Presolve time: 0.00s
Presolved: 19 rows, 16 columns, 53 nonzeros
Variable types: 0 continuous, 16 integer (12 binary)

Root relaxation: objective 3.477778e+01, 14 iterations, 0.00 seconds

    Nodes    |    Current Node    |     Objective Bounds      |     Work
 Expl Unexpl |  Obj  Depth IntInf | Incumbent    BestBd   Gap | It/Node Time

     0     0   34.77778    0    3   60.00000   34.77778  42.0%     -    0s
H    0     0                      38.8000000   34.77778  10.4%     -    0s
     0     0   37.64848    0    4   38.80000   37.64848  2.97%     -    0s
     0     0   38.30000    0    1   38.80000   38.30000  1.29%     -    0s
     0     0   38.35000    0    7   38.80000   38.35000  1.16%     -    0s
     0     1   38.35000    0    7   38.80000   38.35000  1.16%     -    0s

Cutting planes:
  Gomory: 1
  Implied bound: 1
  MIR: 4

Explored 2 nodes (26 simplex iterations) in 0.08 seconds
Thread count was 2 (of 4 available processors)

Optimal solution found (tolerance 1.00e-04)
Best objective 3.880000000000e+01, best bound 3.880000000000e+01, gap 0.0%

Gurobi 6.0.5 (win64) logging started 11/07/15 23:38:33

Optimize a model with 97 rows, 76 columns and 232 nonzeros
Coefficient statistics:
  Matrix range    [1e+00, 1e+01]
  Objective range [8e-01, 1e+01]
  Bounds range    [1e+00, 1e+00]
  RHS range       [1e+00, 1e+00]
Found heuristic solution: objective 41.8
Presolve removed 97 rows and 76 columns
Presolve time: 0.00s

Explored 0 nodes (0 simplex iterations) in 0.00 seconds
Thread count was 1 (of 4 available processors)

Optimal solution found (tolerance 1.00e-04)
Best objective 4.180000000000e+01, best bound 4.180000000000e+01, gap 0.0%

Gurobi 6.0.5 (win64) logging started 11/07/15 23:39:20

Optimize a model with 97 rows, 76 columns and 232 nonzeros
Coefficient statistics:
  Matrix range    [1e+00, 1e+01]
  Objective range [8e-01, 1e+01]
  Bounds range    [0e+00, 0e+00]
  RHS range       [1e+00, 1e+00]
Found heuristic solution: objective 60
Presolve removed 78 rows and 60 columns
Presolve time: 0.00s
Presolved: 19 rows, 16 columns, 53 nonzeros
Variable types: 0 continuous, 16 integer (12 binary)

Root relaxation: objective 3.477778e+01, 14 iterations, 0.00 seconds

    Nodes    |    Current Node    |     Objective Bounds      |     Work
 Expl Unexpl |  Obj  Depth IntInf | Incumbent    BestBd   Gap | It/Node Time

     0     0   34.77778    0    3   60.00000   34.77778  42.0%     -    0s
H    0     0                      38.8000000   34.77778  10.4%     -    0s
     0     0   37.64848    0    4   38.80000   37.64848  2.97%     -    0s
     0     0   38.30000    0    1   38.80000   38.30000  1.29%     -    0s
     0     0   38.35000    0    7   38.80000   38.35000  1.16%     -    0s
     0     1   38.35000    0    7   38.80000   38.35000  1.16%     -    0s

Cutting planes:
  Gomory: 1
  Implied bound: 1
  MIR: 4

Explored 2 nodes (26 simplex iterations) in 0.01 seconds
Thread count was 2 (of 4 available processors)

Optimal solution found (tolerance 1.00e-04)
Best objective 3.880000000000e+01, best bound 3.880000000000e+01, gap 0.0%

Gurobi 6.0.5 (win64) logging started 11/07/15 23:41:22


Gurobi 6.0.5 (win64) logging started 11/07/15 23:42:45

Optimize a model with 22017 rows, 20168 columns and 47640 nonzeros
Coefficient statistics:
  Matrix range    [8e-02, 7e+03]
  Objective range [5e-03, 1e+06]
  Bounds range    [0e+00, 0e+00]
  RHS range       [1e+00, 1e+00]
Presolve removed 11588 rows and 9040 columns
Presolve time: 0.01s

Explored 0 nodes (0 simplex iterations) in 0.03 seconds
Thread count was 1 (of 4 available processors)

Model is infeasible
Best objective -, best bound -, gap -

Gurobi 6.0.5 (win64) logging started 11/07/15 23:48:30

Optimize a model with 97 rows, 76 columns and 232 nonzeros
Coefficient statistics:
  Matrix range    [1e+00, 1e+01]
  Objective range [8e-01, 1e+01]
  Bounds range    [0e+00, 0e+00]
  RHS range       [1e+00, 1e+00]
Found heuristic solution: objective 60
Presolve removed 78 rows and 60 columns
Presolve time: 0.00s
Presolved: 19 rows, 16 columns, 53 nonzeros
Variable types: 0 continuous, 16 integer (12 binary)

Root relaxation: objective 3.477778e+01, 14 iterations, 0.00 seconds

    Nodes    |    Current Node    |     Objective Bounds      |     Work
 Expl Unexpl |  Obj  Depth IntInf | Incumbent    BestBd   Gap | It/Node Time

     0     0   34.77778    0    3   60.00000   34.77778  42.0%     -    0s
H    0     0                      38.8000000   34.77778  10.4%     -    0s
     0     0   37.64848    0    4   38.80000   37.64848  2.97%     -    0s
     0     0   38.30000    0    1   38.80000   38.30000  1.29%     -    0s
     0     0   38.35000    0    7   38.80000   38.35000  1.16%     -    0s
     0     1   38.35000    0    7   38.80000   38.35000  1.16%     -    0s

Cutting planes:
  Gomory: 1
  Implied bound: 1
  MIR: 4

Explored 2 nodes (26 simplex iterations) in 0.01 seconds
Thread count was 2 (of 4 available processors)

Optimal solution found (tolerance 1.00e-04)
Best objective 3.880000000000e+01, best bound 3.880000000000e+01, gap 0.0%

Gurobi 6.0.5 (win64) logging started 11/07/15 23:54:26

Optimize a model with 12475 rows, 11702 columns and 24011 nonzeros
Coefficient statistics:
  Matrix range    [1e+00, 7e+03]
  Objective range [3e-01, 8e+05]
  Bounds range    [0e+00, 0e+00]
  RHS range       [1e+00, 1e+00]
Presolve removed 7569 rows and 6501 columns
Presolve time: 0.00s

Explored 0 nodes (0 simplex iterations) in 0.02 seconds
Thread count was 1 (of 4 available processors)

Model is infeasible
Best objective -, best bound -, gap -

Gurobi 6.0.5 (win64) logging started 11/07/15 23:55:07

Optimize a model with 8909 rows, 8498 columns and 15188 nonzeros
Coefficient statistics:
  Matrix range    [1e+00, 7e+03]
  Objective range [1e+00, 8e+05]
  Bounds range    [0e+00, 0e+00]
  RHS range       [1e+00, 1e+00]
Presolve removed 6261 rows and 5681 columns
Presolve time: 0.00s

Explored 0 nodes (0 simplex iterations) in 0.01 seconds
Thread count was 1 (of 4 available processors)

Model is infeasible
Best objective -, best bound -, gap -

Gurobi 6.0.5 (win64) logging started 11/07/15 23:55:41

Optimize a model with 6960 rows, 6744 columns and 10291 nonzeros
Coefficient statistics:
  Matrix range    [1e+00, 7e+03]
  Objective range [6e+00, 8e+05]
  Bounds range    [0e+00, 0e+00]
  RHS range       [1e+00, 1e+00]
Presolve removed 5530 rows and 5225 columns
Presolve time: 0.00s

Explored 0 nodes (0 simplex iterations) in 0.01 seconds
Thread count was 1 (of 4 available processors)

Model is infeasible
Best objective -, best bound -, gap -

Gurobi 6.0.5 (win64) logging started 11/07/15 23:56:13

Optimize a model with 6032 rows, 5906 columns and 8000 nonzeros
Coefficient statistics:
  Matrix range    [1e+00, 7e+03]
  Objective range [2e+01, 8e+05]
  Bounds range    [0e+00, 0e+00]
  RHS range       [1e+00, 1e+00]
Presolve removed 5191 rows and 5011 columns
Presolve time: 0.00s

Explored 0 nodes (0 simplex iterations) in 0.01 seconds
Thread count was 1 (of 4 available processors)

Model is infeasible
Best objective -, best bound -, gap -

Gurobi 6.0.5 (win64) logging started 11/07/15 23:56:56

Optimize a model with 5410 rows, 5346 columns and 6452 nonzeros
Coefficient statistics:
  Matrix range    [1e+00, 7e+03]
  Objective range [8e+01, 1e+06]
  Bounds range    [0e+00, 0e+00]
  RHS range       [1e+00, 1e+00]
Presolve removed 4941 rows and 4852 columns
Presolve time: 0.00s

Explored 0 nodes (0 simplex iterations) in 0.01 seconds
Thread count was 1 (of 4 available processors)

Model is infeasible
Best objective -, best bound -, gap -

Gurobi 6.0.5 (win64) logging started 11/07/15 23:58:33

Optimize a model with 5091 rows, 5057 columns and 5662 nonzeros
Coefficient statistics:
  Matrix range    [1e+00, 7e+03]
  Objective range [1e+02, 1e+06]
  Bounds range    [0e+00, 0e+00]
  RHS range       [1e+00, 1e+00]
Presolve removed 4830 rows and 4782 columns
Presolve time: 0.00s

Explored 0 nodes (0 simplex iterations) in 0.01 seconds
Thread count was 1 (of 4 available processors)

Model is infeasible
Best objective -, best bound -, gap -

Gurobi 6.0.5 (win64) logging started 11/07/15 23:59:58

Optimize a model with 4895 rows, 4880 columns and 5171 nonzeros
Coefficient statistics:
  Matrix range    [1e+00, 7e+03]
  Objective range [3e+02, 1e+06]
  Bounds range    [0e+00, 0e+00]
  RHS range       [1e+00, 1e+00]
Presolve removed 4754 rows and 4734 columns
Presolve time: 0.00s

Explored 0 nodes (0 simplex iterations) in 0.01 seconds
Thread count was 1 (of 4 available processors)

Model is infeasible
Best objective -, best bound -, gap -

Gurobi 6.0.5 (win64) logging started 11/08/15 00:00:26

Optimize a model with 4804 rows, 4797 columns and 4952 nonzeros
Coefficient statistics:
  Matrix range    [1e+00, 7e+03]
  Objective range [3e+02, 1e+06]
  Bounds range    [0e+00, 0e+00]
  RHS range       [1e+00, 1e+00]
Found heuristic solution: objective 2635
Presolve removed 4804 rows and 4797 columns
Presolve time: 0.01s

Explored 0 nodes (0 simplex iterations) in 0.01 seconds
Thread count was 1 (of 4 available processors)

Optimal solution found (tolerance 1.00e-04)
Best objective 2.560000000000e+03, best bound 2.560000000000e+03, gap 0.0%

Gurobi 6.0.5 (win64) logging started 11/08/15 00:02:49

Optimize a model with 4804 rows, 4797 columns and 4952 nonzeros
Coefficient statistics:
  Matrix range    [1e+00, 7e+03]
  Objective range [3e+02, 1e+06]
  Bounds range    [0e+00, 0e+00]
  RHS range       [1e+00, 1e+00]
Found heuristic solution: objective 2635
Presolve removed 4804 rows and 4797 columns
Presolve time: 0.01s

Explored 0 nodes (0 simplex iterations) in 0.01 seconds
Thread count was 1 (of 4 available processors)

Optimal solution found (tolerance 1.00e-04)
Best objective 2.560000000000e+03, best bound 2.560000000000e+03, gap 0.0%

Gurobi 6.0.5 (win64) logging started 11/08/15 00:03:41

Optimize a model with 4894 rows, 4880 columns and 5171 nonzeros
Coefficient statistics:
  Matrix range    [1e+00, 7e+03]
  Objective range [3e+02, 1e+06]
  Bounds range    [0e+00, 0e+00]
  RHS range       [1e+00, 1e+00]
Found heuristic solution: objective 4911
Presolve removed 4894 rows and 4880 columns
Presolve time: 0.01s

Explored 0 nodes (0 simplex iterations) in 0.01 seconds
Thread count was 1 (of 4 available processors)

Optimal solution found (tolerance 1.00e-04)
Best objective 4.911000000000e+03, best bound 4.911000000000e+03, gap 0.0%

Gurobi 6.0.5 (win64) logging started 11/08/15 00:04:22

Optimize a model with 4895 rows, 4880 columns and 5171 nonzeros
Coefficient statistics:
  Matrix range    [1e+00, 7e+03]
  Objective range [3e+02, 1e+06]
  Bounds range    [0e+00, 0e+00]
  RHS range       [1e+00, 1e+00]
Presolve removed 4754 rows and 4734 columns
Presolve time: 0.00s

Explored 0 nodes (0 simplex iterations) in 0.01 seconds
Thread count was 1 (of 4 available processors)

Model is infeasible
Best objective -, best bound -, gap -

Gurobi 6.0.5 (win64) logging started 11/08/15 00:05:02

Optimize a model with 4792 rows, 4785 columns and 4921 nonzeros
Coefficient statistics:
  Matrix range    [1e+00, 7e+03]
  Objective range [3e+02, 1e+06]
  Bounds range    [0e+00, 0e+00]
  RHS range       [1e+00, 1e+00]
Found heuristic solution: objective 2351
Presolve removed 4792 rows and 4785 columns
Presolve time: 0.01s

Explored 0 nodes (0 simplex iterations) in 0.01 seconds
Thread count was 1 (of 4 available processors)

Optimal solution found (tolerance 1.00e-04)
Best objective 2.351000000000e+03, best bound 2.351000000000e+03, gap 0.0%

Gurobi 6.0.5 (win64) logging started 11/08/15 00:05:53

Optimize a model with 4793 rows, 4785 columns and 4921 nonzeros
Coefficient statistics:
  Matrix range    [1e+00, 7e+03]
  Objective range [3e+02, 1e+06]
  Bounds range    [0e+00, 0e+00]
  RHS range       [1e+00, 1e+00]
Presolve removed 4728 rows and 4718 columns
Presolve time: 0.00s

Explored 0 nodes (0 simplex iterations) in 0.01 seconds
Thread count was 1 (of 4 available processors)

Model is infeasible
Best objective -, best bound -, gap -

Gurobi 6.0.5 (win64) logging started 11/08/15 00:11:26


Gurobi 6.0.5 (win64) logging started 11/08/15 00:11:58

Optimize a model with 6859 rows, 6656 columns and 10045 nonzeros
Coefficient statistics:
  Matrix range    [1e+00, 7e+03]
  Objective range [6e+00, 8e+05]
  Bounds range    [0e+00, 0e+00]
  RHS range       [1e+00, 1e+00]
Presolve removed 5498 rows and 5205 columns
Presolve time: 0.00s

Explored 0 nodes (0 simplex iterations) in 0.01 seconds
Thread count was 1 (of 4 available processors)

Model is infeasible
Best objective -, best bound -, gap -

Gurobi 6.0.5 (win64) logging started 11/08/15 00:12:30

Optimize a model with 5732 rows, 5637 columns and 7258 nonzeros
Coefficient statistics:
  Matrix range    [1e+00, 7e+03]
  Objective range [3e+01, 8e+05]
  Bounds range    [0e+00, 0e+00]
  RHS range       [1e+00, 1e+00]
Presolve removed 5084 rows and 4944 columns
Presolve time: 0.00s

Explored 0 nodes (0 simplex iterations) in 0.01 seconds
Thread count was 1 (of 4 available processors)

Model is infeasible
Best objective -, best bound -, gap -

Gurobi 6.0.5 (win64) logging started 11/08/15 00:12:53

Optimize a model with 5307 rows, 5254 columns and 6193 nonzeros
Coefficient statistics:
  Matrix range    [1e+00, 7e+03]
  Objective range [8e+01, 1e+06]
  Bounds range    [0e+00, 0e+00]
  RHS range       [1e+00, 1e+00]
Presolve removed 4906 rows and 4830 columns
Presolve time: 0.00s

Explored 0 nodes (0 simplex iterations) in 0.01 seconds
Thread count was 1 (of 4 available processors)

Model is infeasible
Best objective -, best bound -, gap -

Gurobi 6.0.5 (win64) logging started 11/08/15 00:13:14

Optimize a model with 5090 rows, 5057 columns and 5662 nonzeros
Coefficient statistics:
  Matrix range    [1e+00, 7e+03]
  Objective range [1e+02, 1e+06]
  Bounds range    [0e+00, 0e+00]
  RHS range       [1e+00, 1e+00]
Found heuristic solution: objective 1.3573e+06
Presolve removed 5084 rows and 5049 columns
Presolve time: 0.01s
Presolved: 6 rows, 8 columns, 14 nonzeros
Variable types: 0 continuous, 8 integer (8 binary)

Root relaxation: objective 1.006006e+04, 6 iterations, 0.00 seconds

    Nodes    |    Current Node    |     Objective Bounds      |     Work
 Expl Unexpl |  Obj  Depth IntInf | Incumbent    BestBd   Gap | It/Node Time

*    0     0               0    10060.058000 10060.0580  0.00%     -    0s

Explored 0 nodes (6 simplex iterations) in 0.01 seconds
Thread count was 2 (of 4 available processors)

Optimal solution found (tolerance 1.00e-04)
Best objective 1.006005800000e+04, best bound 1.006005800000e+04, gap 0.0%

Gurobi 6.0.5 (win64) logging started 11/08/15 10:56:21

Optimize a model with 14 rows, 10 columns and 26 nonzeros
Coefficient statistics:
  Matrix range    [1e+00, 2e+00]
  Objective range [1e+00, 3e+00]
  Bounds range    [0e+00, 0e+00]
  RHS range       [1e+00, 1e+00]
Presolve removed 6 rows and 4 columns
Presolve time: 0.00s

Explored 0 nodes (0 simplex iterations) in 0.00 seconds
Thread count was 1 (of 4 available processors)

Model is infeasible
Best objective -, best bound -, gap -

Gurobi 6.0.5 (win64) logging started 11/08/15 11:02:32

Optimize a model with 14 rows, 10 columns and 26 nonzeros
Coefficient statistics:
  Matrix range    [1e+00, 2e+00]
  Objective range [1e+00, 3e+00]
  Bounds range    [0e+00, 0e+00]
  RHS range       [1e+00, 1e+00]
Presolve removed 6 rows and 4 columns
Presolve time: 0.00s

Explored 0 nodes (0 simplex iterations) in 0.00 seconds
Thread count was 1 (of 4 available processors)

Model is infeasible
Best objective -, best bound -, gap -
